16:35:56: [MAIN] appBootstrpa() - OK
16:35:56: [MAIN] appInit() - ENTER
16:35:56: [APP] init meshview ......

16:35:56: Creating resource group General
16:35:56: Creating resource group Internal
16:35:56: Creating resource group Autodetect
16:35:56: SceneManagerFactory for type 'DefaultSceneManager' registered.
16:35:56: Registering ResourceManager for type Material
16:35:56: Registering ResourceManager for type Mesh
16:35:56: Registering ResourceManager for type Skeleton
16:35:56: MovableObjectFactory for type 'ParticleSystem' registered.
16:35:56: OverlayElementFactory for type Panel registered.
16:35:56: OverlayElementFactory for type BorderPanel registered.
16:35:56: OverlayElementFactory for type TextArea registered.
16:35:56: Registering ResourceManager for type Font
16:35:56: ArchiveFactory for archive type FileSystem registered.
16:35:56: ArchiveFactory for archive type Zip registered.
16:35:56: FreeImage version: 3.11.0
16:35:56: This program uses FreeImage, a free, open source image library supporting all common bitmap formats. See http://freeimage.sourceforge.net for details
16:35:56: Supported formats: bmp,ico,jpg,jif,jpeg,jpe,jng,koa,iff,lbm,mng,pbm,pbm,pcd,pcx,pgm,pgm,png,ppm,ppm,ras,tga,targa,tif,tiff,wap,wbmp,wbm,psd,cut,xbm,xpm,gif,hdr,g3,sgi,exr,j2k,j2c,jp2
16:35:56: DDS codec registering
16:35:56: Registering ResourceManager for type HighLevelGpuProgram
16:35:56: Registering ResourceManager for type Compositor
16:35:56: MovableObjectFactory for type 'Entity' registered.
16:35:56: MovableObjectFactory for type 'Light' registered.
16:35:56: MovableObjectFactory for type 'BillboardSet' registered.
16:35:56: MovableObjectFactory for type 'ManualObject' registered.
16:35:56: MovableObjectFactory for type 'BillboardChain' registered.
16:35:56: MovableObjectFactory for type 'RibbonTrail' registered.
16:35:56: *-*-* OGRE Initialising
16:35:56: *-*-* Version 1.7.0dev-unstable (Cthugha)
16:35:56: Loading library .\Plugin_CgProgramManager
16:35:56: Installing plugin: Cg Program Manager
16:35:56: Plugin successfully installed
16:35:56: Loading library .\Plugin_OctreeSceneManager
16:35:56: Installing plugin: Octree & Terrain Scene Manager
16:35:56: Plugin successfully installed
16:35:56: Loading library .\Plugin_ParticleFX
16:35:56: Installing plugin: ParticleFX
16:35:56: Particle Emitter Type 'Point' registered
16:35:56: Particle Emitter Type 'Box' registered
16:35:56: Particle Emitter Type 'Ellipsoid' registered
16:35:56: Particle Emitter Type 'Cylinder' registered
16:35:56: Particle Emitter Type 'Ring' registered
16:35:56: Particle Emitter Type 'HollowEllipsoid' registered
16:35:56: Particle Affector Type 'LinearForce' registered
16:35:56: Particle Affector Type 'ColourFader' registered
16:35:56: Particle Affector Type 'ColourFader2' registered
16:35:56: Particle Affector Type 'ColourImage' registered
16:35:56: Particle Affector Type 'ColourInterpolator' registered
16:35:56: Particle Affector Type 'Scaler' registered
16:35:56: Particle Affector Type 'Rotator' registered
16:35:56: Particle Affector Type 'DirectionRandomiser' registered
16:35:56: Particle Affector Type 'DeflectorPlane' registered
16:35:56: Plugin successfully installed
16:35:56: Loading library .\RenderSystem_Direct3D9
16:35:56: Installing plugin: D3D9 RenderSystem
16:35:56: D3D9 : Direct3D9 Rendering Subsystem created.
16:35:56: D3D9: Driver Detection Starts
16:35:56: D3D9: Driver Detection Ends
16:35:56: Plugin successfully installed
16:35:56: Creating resource group Bootstrap
16:35:56: Added resource location '../media/packs/OgreCore.zip' of type 'Zip' to resource group 'Bootstrap'
16:35:56: Added resource location '../config' of type 'FileSystem' to resource group 'General'
16:35:56: Added resource location '../meddata' of type 'FileSystem' to resource group 'General'
16:35:56: Added resource location '../meddata/bgui.zip' of type 'Zip' to resource group 'General'
16:35:56: Added resource location '../media/fonts' of type 'FileSystem' to resource group 'General'
16:35:57: Added resource location '../media/materials/programs' of type 'FileSystem' to resource group 'General'
16:35:57: Added resource location '../media/materials/scripts' of type 'FileSystem' to resource group 'General'
16:35:57: Added resource location '../media/materials/textures' of type 'FileSystem' to resource group 'General'
16:35:57: Added resource location '../media/particle' of type 'FileSystem' to resource group 'General'
16:35:57: Added resource location '../medui' of type 'FileSystem' to resource group 'General'
16:35:57: [KEY] Open KeyCode File: key_table.xml
16:35:57: [APP] load key code table file: key_table.xml
16:35:57: [v8 ] register function: version 0x48c1b0
16:35:57: [v8 ] register function: print 0x48c0d0
16:35:57: [v8 ] register function: write 0x48bff0
16:35:57: [v8 ] register function: moveSceneNode 0x4c1a90
16:35:57: [v8 ] register function: setAnimation 0x4c1c00
16:35:57: [v8 ] register function: moveObject 0x4c1da0
16:35:57: [v8 ] register function: getObjectPos 0x4c1f10
16:35:57: [v8 ] register function: testSphere 0x4c2690
16:35:57: [v8 ] register function: addString 0x4c2210
16:35:57: [v8 ] register function: getString 0x4c2340
16:35:57: [v8 ] register function: setVisible 0x4c2570
16:35:57: [v8 ] register function: getVisible 0x4c2470
16:35:57: [v8 ] register function: sendMessage 0x4c20a0
16:35:57: [v8 ] register function: getMaterialNames 0x4c2960
16:35:57: [v8 ] register function: getMeshNames 0x4c2990
16:35:57: [v8 ] register function: getFontNames 0x4c29c0
16:35:57: [v8 ] register function: getSkeletonNames 0x4c29f0
16:35:57: [v8 ] register function: getTextureNames 0x4c2a20
16:35:57: [v8 ] register function: getCompositorNames 0x4c2a50
16:35:57: [v8 ] register function: getGpuProgramNames 0x4c2a80
16:35:57: [v8 ] register function: getResourceNames 0x4c2c80
16:35:57: [v8 ] register function: getParticleNames 0x4c2ab0
16:35:57: [v8 ] register function: getResourceGroupNames 0x4c2b90
16:35:57: [v8 ] register function: getFontString 0x4c32f0
16:35:57: [v8 ] register function: getGameObjectNames 0x4c2e10
16:35:57: [v8 ] register function: getGameObjectString 0x4c3150
16:35:57: [v8 ] register function: setMouseSpeed 0x4c2f00
16:35:57: [v8 ] register function: addCompositor 0x4c3000
16:35:57: [v8 ] v8 inited. log:0
16:35:57: [v8 ] v8 version: 1.2.9
16:35:57: [TASK] AddTask Type: SOUND Name: ObjectManager 0x3515fb8
16:35:57: [TASK] AddTask Type: RENDER_BEFORE Name: StageManager 0x3523898
16:35:57: CPU Identifier & Features
16:35:57: -------------------------
16:35:57:  *   CPU ID: GenuineIntel: Intel(R) Core(TM) i5-4210M CPU @ 2.60GHz
16:35:57:  *      SSE: yes
16:35:57:  *     SSE2: yes
16:35:57:  *     SSE3: yes
16:35:57:  *      MMX: yes
16:35:57:  *   MMXEXT: yes
16:35:57:  *    3DNOW: no
16:35:57:  * 3DNOWEXT: no
16:35:57:  *     CMOV: yes
16:35:57:  *      TSC: yes
16:35:57:  *      FPU: yes
16:35:57:  *      PRO: yes
16:35:57:  *       HT: no
16:35:57: -------------------------
16:35:57: D3D9 : Subsystem Initialising
16:35:57: Registering ResourceManager for type Texture
16:35:57: Registering ResourceManager for type GpuProgram
16:35:57: ***************************************
16:35:57: *** D3D9 : Subsystem Initialised OK ***
16:35:57: ***************************************
16:35:57: [TASK] AddTask Type: RENDER Name: Renderer 0x351ddb0
16:35:57: [TASK] AddTask Type: GUI Name: GUI 0x3514a28
16:35:57: [TASK] AddTask Type: GUI Name: BetaGui 0x3544448
16:35:57: [TASK] AppTask  0 Type: SOUND Name: ObjectManager 0x3515fb8 Paused:0
16:35:57: [TASK] AppTask  1 Type: GUI Name: GUI 0x3514a28 Paused:0
16:35:57: [TASK] AppTask  2 Type: GUI Name: BetaGui 0x3544448 Paused:0
16:35:57: [TASK] AppTask  3 Type: RENDER_BEFORE Name: StageManager 0x3523898 Paused:0
16:35:57: [TASK] AppTask  4 Type: RENDER Name: Renderer 0x351ddb0 Paused:0
16:35:57: [RND] createWindow - Primary 800x600x32 fullscreen:0 fass:4 print_option:0
16:35:57: D3D9 : RenderSystem Option: Full Screen = No
16:35:57: D3D9 : RenderSystem Option: Video Mode = 800 x 600 @ 32-bit colour
16:35:57: D3D9RenderSystem::_createRenderWindow "Primary", 800x600 windowed  miscParams: FSAA=4 externalWindowHandle=658662 
16:35:57: D3D9 : Created D3D9 Rendering Window 'Primary' : 800x599, 32bpp
16:35:57: D3D9 : WARNING - disabling VSync in windowed mode can cause timing issues at lower frame rates, turn VSync on if you observe this problem.
16:35:57: D3D9: Vertex texture format supported - PF_L8
16:35:57: D3D9: Vertex texture format supported - PF_L16
16:35:57: D3D9: Vertex texture format supported - PF_A8
16:35:57: D3D9: Vertex texture format supported - PF_A4L4
16:35:57: D3D9: Vertex texture format supported - PF_BYTE_LA
16:35:57: D3D9: Vertex texture format supported - PF_R5G6B5
16:35:57: D3D9: Vertex texture format supported - PF_B5G6R5
16:35:57: D3D9: Vertex texture format supported - PF_A4R4G4B4
16:35:57: D3D9: Vertex texture format supported - PF_A1R5G5B5
16:35:57: D3D9: Vertex texture format supported - PF_A8R8G8B8
16:35:57: D3D9: Vertex texture format supported - PF_A8B8G8R8
16:35:57: D3D9: Vertex texture format supported - PF_B8G8R8A8
16:35:57: D3D9: Vertex texture format supported - PF_A2R10G10B10
16:35:57: D3D9: Vertex texture format supported - PF_A2B10G10R10
16:35:57: D3D9: Vertex texture format supported - PF_DXT1
16:35:57: D3D9: Vertex texture format supported - PF_DXT2
16:35:57: D3D9: Vertex texture format supported - PF_DXT3
16:35:57: D3D9: Vertex texture format supported - PF_DXT4
16:35:57: D3D9: Vertex texture format supported - PF_DXT5
16:35:57: D3D9: Vertex texture format supported - PF_FLOAT16_RGB
16:35:57: D3D9: Vertex texture format supported - PF_FLOAT16_RGBA
16:35:57: D3D9: Vertex texture format supported - PF_FLOAT32_RGB
16:35:57: D3D9: Vertex texture format supported - PF_FLOAT32_RGBA
16:35:57: D3D9: Vertex texture format supported - PF_X8R8G8B8
16:35:57: D3D9: Vertex texture format supported - PF_R8G8B8A8
16:35:57: D3D9: Vertex texture format supported - PF_DEPTH
16:35:57: D3D9: Vertex texture format supported - PF_SHORT_RGBA
16:35:57: D3D9: Vertex texture format supported - PF_FLOAT16_R
16:35:57: D3D9: Vertex texture format supported - PF_FLOAT32_R
16:35:57: D3D9: Vertex texture format supported - PF_SHORT_GR
16:35:57: D3D9: Vertex texture format supported - PF_FLOAT16_GR
16:35:57: D3D9: Vertex texture format supported - PF_FLOAT32_GR
16:35:57: D3D9: Vertex texture format supported - PF_SHORT_RGB
16:35:57: D3D9: Vertex texture format supported - PF_PVRTC_RGB2
16:35:57: D3D9: Vertex texture format supported - PF_PVRTC_RGBA2
16:35:57: D3D9: Vertex texture format supported - PF_PVRTC_RGB4
16:35:57: D3D9: Vertex texture format supported - PF_PVRTC_RGBA4
16:35:57: RenderSystem capabilities
16:35:57: -------------------------
16:35:57: RenderSystem Name: Direct3D9 Rendering Subsystem
16:35:57: GPU Vendor: intel
16:35:57: Device Name: Monitor-1-Intel(R) HD Graphics 4600
16:35:57: Driver Version: 20.19.15.4331
16:35:57:  * Fixed function pipeline: yes
16:35:57:  * Hardware generation of mipmaps: yes
16:35:57:  * Texture blending: yes
16:35:57:  * Anisotropic texture filtering: yes
16:35:57:  * Dot product texture operation: yes
16:35:57:  * Cube mapping: yes
16:35:57:  * Hardware stencil buffer: yes
16:35:57:    - Stencil depth: 8
16:35:57:    - Two sided stencil support: yes
16:35:57:    - Wrap stencil values: yes
16:35:57:  * Hardware vertex / index buffers: yes
16:35:57:  * Vertex programs: yes
16:35:57:  * Number of floating-point constants for vertex programs: 256
16:35:57:  * Number of integer constants for vertex programs: 16
16:35:57:  * Number of boolean constants for vertex programs: 16
16:35:57:  * Fragment programs: yes
16:35:57:  * Number of floating-point constants for fragment programs: 224
16:35:57:  * Number of integer constants for fragment programs: 16
16:35:57:  * Number of boolean constants for fragment programs: 16
16:35:57:  * Geometry programs: no
16:35:57:  * Number of floating-point constants for geometry programs: 0
16:35:57:  * Number of integer constants for geometry programs: 25856
16:35:57:  * Number of boolean constants for geometry programs: 30052
16:35:57:  * Supported Shader Profiles: hlsl ps_1_1 ps_1_2 ps_1_3 ps_1_4 ps_2_0 ps_2_a ps_2_b ps_2_x ps_3_0 vs_1_1 vs_2_0 vs_2_a vs_2_x vs_3_0
16:35:57:  * Texture Compression: yes
16:35:57:    - DXT: yes
16:35:57:    - VTC: no
16:35:57:    - PVRTC: no
16:35:57:  * Scissor Rectangle: yes
16:35:57:  * Hardware Occlusion Query: yes
16:35:57:  * User clip planes: yes
16:35:57:  * VET_UBYTE4 vertex element type: yes
16:35:57:  * Infinite far plane projection: yes
16:35:57:  * Hardware render-to-texture: yes
16:35:57:  * Floating point textures: yes
16:35:57:  * Non-power-of-two textures: yes
16:35:57:  * Volume textures: yes
16:35:57:  * Multiple Render Targets: 4
16:35:57:    - With different bit depths: yes
16:35:57:  * Point Sprites: yes
16:35:57:  * Extended point parameters: yes
16:35:57:  * Max Point Size: 10
16:35:57:  * Vertex texture fetch: yes
16:35:57:  * Number of world matrices: 0
16:35:57:  * Number of texture units: 8
16:35:57:  * Stencil buffer depth: 8
16:35:57:  * Number of vertex blend matrices: 0
16:35:57:    - Max vertex textures: 4
16:35:57:    - Vertex textures shared: no
16:35:57:  * Render to Vertex Buffer : no
16:35:57:  * DirectX per stage constants: yes
16:35:57: DefaultWorkQueue('Root') initialising on thread 008CE8D8.
16:35:57: DefaultWorkQueue('Root')::WorkerFunc - thread 008E1C48 starting.
16:35:57: Particle Renderer Type 'billboard' registered
16:35:57: DefaultWorkQueue('Root')::WorkerFunc - thread 008E1C78 starting.
16:35:57: DefaultWorkQueue('Root')::WorkerFunc - thread 008E1CA8 starting.
16:35:57: SceneManagerFactory for type 'OctreeSceneManager' registered.
16:35:57: SceneManagerFactory for type 'TerrainSceneManager' registered.
16:35:57: [APP] You create First Window. Try delayed initialize.
16:35:57: DefaultWorkQueue('Root')::WorkerFunc - thread 008E1858 starting.
16:35:57: [SYS] --ENTER--           .\gamelib\sysutils.cpp(13): med::ogre::registerAllCustomFactoryManager()
16:35:57: Registering ResourceManager for type TextFile
16:35:57: MovableObjectFactory for type 'MeshDecal' registered.
16:35:57: MovableObjectFactory for type 'MovableText' registered.
16:35:57: MovableObjectFactory for type 'DebugObject' registered.
16:35:57: Particle Emitter Type 'MedEmitter' registered
16:35:57: Particle Affector Type 'MedAffector' registered
16:35:57: Particle Renderer Type 'MedBillboard' registered
16:35:57: [SYS] --LEAVE--           .\gamelib\sysutils.cpp(22): med::ogre::registerAllCustomFactoryManager()
16:35:57: [RES] Add System Font path: C:\WINDOWS\fonts
16:35:57: Added resource location 'C:\WINDOWS\fonts' of type 'FileSystem' to resource group 'General'
16:35:57: [APP] Load Font File: hfont.fontdef.xml
16:35:57: [FNT] create font: Console size: 32.000000 ttf: 1 resolution: 55 source: Fixedsys500c.ttf
16:35:57: Font Consoleusing texture size 512x256
16:35:57: Info: Freetype returned null for character 141 in font Console
16:35:57: Info: Freetype returned null for character 160 in font Console
16:35:57: Texture: ConsoleTexture: Loading 1 faces(PF_BYTE_LA,512x256x1) with 0 generated mipmaps from Image. Internal format is PF_BYTE_LA,512x256x1.
16:35:57: [FNT] create font: hfont-2 size: 32.000000 ttf: 1 resolution: 55 source: malgun.ttf
16:35:57: Font hfont-2using texture size 512x512
16:35:57: Info: Freetype returned null for character 160 in font hfont-2
16:35:57: Info: Freetype returned null for character 32 in font hfont-2
16:35:57: Texture: hfont-2Texture: Loading 1 faces(PF_BYTE_LA,512x512x1) with 0 generated mipmaps from Image. Internal format is PF_BYTE_LA,512x512x1.
16:35:57: Parsing scripts for resource group Autodetect
16:35:57: Finished parsing scripts for resource group Autodetect
16:35:57: Parsing scripts for resource group Bootstrap
16:35:57: Parsing script OgreCore.material
16:35:57: Parsing script OgreProfiler.material
16:35:57: Parsing script Ogre.fontdef
16:35:57: Parsing script OgreDebugPanel.overlay
16:35:57: Texture: New_Ogre_Border_Center.png: Loading 1 faces(PF_A8R8G8B8,256x128x1) with  hardware generated mipmaps from Image. Internal format is PF_A8R8G8B8,256x128x1.
16:35:57: Texture: New_Ogre_Border.png: Loading 1 faces(PF_A8R8G8B8,256x256x1) with  hardware generated mipmaps from Image. Internal format is PF_A8R8G8B8,256x256x1.
16:35:57: Texture: New_Ogre_Border_Break.png: Loading 1 faces(PF_A8R8G8B8,32x32x1) with  hardware generated mipmaps from Image. Internal format is PF_A8R8G8B8,32x32x1.
16:35:57: Font BlueHighwayusing texture size 512x512
16:35:57: Info: Freetype returned null for character 127 in font BlueHighway
16:35:57: Info: Freetype returned null for character 128 in font BlueHighway
16:35:57: Info: Freetype returned null for character 129 in font BlueHighway
16:35:57: Info: Freetype returned null for character 130 in font BlueHighway
16:35:57: Info: Freetype returned null for character 131 in font BlueHighway
16:35:57: Info: Freetype returned null for character 132 in font BlueHighway
16:35:57: Info: Freetype returned null for character 133 in font BlueHighway
16:35:57: Info: Freetype returned null for character 134 in font BlueHighway
16:35:57: Info: Freetype returned null for character 135 in font BlueHighway
16:35:57: Info: Freetype returned null for character 136 in font BlueHighway
16:35:57: Info: Freetype returned null for character 137 in font BlueHighway
16:35:57: Info: Freetype returned null for character 138 in font BlueHighway
16:35:57: Info: Freetype returned null for character 139 in font BlueHighway
16:35:57: Info: Freetype returned null for character 140 in font BlueHighway
16:35:57: Info: Freetype returned null for character 141 in font BlueHighway
16:35:57: Info: Freetype returned null for character 142 in font BlueHighway
16:35:57: Info: Freetype returned null for character 143 in font BlueHighway
16:35:57: Info: Freetype returned null for character 144 in font BlueHighway
16:35:57: Info: Freetype returned null for character 145 in font BlueHighway
16:35:57: Info: Freetype returned null for character 146 in font BlueHighway
16:35:57: Info: Freetype returned null for character 147 in font BlueHighway
16:35:57: Info: Freetype returned null for character 148 in font BlueHighway
16:35:57: Info: Freetype returned null for character 149 in font BlueHighway
16:35:57: Info: Freetype returned null for character 150 in font BlueHighway
16:35:57: Info: Freetype returned null for character 151 in font BlueHighway
16:35:57: Info: Freetype returned null for character 152 in font BlueHighway
16:35:57: Info: Freetype returned null for character 153 in font BlueHighway
16:35:57: Info: Freetype returned null for character 154 in font BlueHighway
16:35:57: Info: Freetype returned null for character 155 in font BlueHighway
16:35:57: Info: Freetype returned null for character 156 in font BlueHighway
16:35:57: Info: Freetype returned null for character 157 in font BlueHighway
16:35:57: Info: Freetype returned null for character 158 in font BlueHighway
16:35:57: Info: Freetype returned null for character 159 in font BlueHighway
16:35:57: Info: Freetype returned null for character 160 in font BlueHighway
16:35:57: Texture: BlueHighwayTexture: Loading 1 faces(PF_BYTE_LA,512x512x1) with 0 generated mipmaps from Image. Internal format is PF_BYTE_LA,512x512x1.
16:35:57: Texture: ogretext.png: Loading 1 faces(PF_A8R8G8B8,256x128x1) with  hardware generated mipmaps from Image. Internal format is PF_A8R8G8B8,256x128x1.
16:35:57: Parsing script OgreLoadingPanel.overlay
16:35:57: Finished parsing scripts for resource group Bootstrap
16:35:57: Parsing scripts for resource group General
16:35:57: Parsing script Examples.program
16:35:57: Parsing script StdQuad_vp.program
16:35:57: Parsing script med.material
16:35:57: Parsing script meshview.material
16:35:57: Parsing script bgui.material
16:35:57: Parsing script ASCII.material
16:35:57: Parsing script BlackAndWhite.material
16:35:57: Parsing script Bloom.material
16:35:57: Parsing script Bloom2.material
16:35:57: Parsing script CGSwizzle.material
16:35:57: Parsing script CompositorDemo.material
16:35:57: Parsing script DepthShadowmap.material
16:35:58: Parsing script Dither.material
16:35:58: Parsing script DOF.material
16:35:58: Parsing script Embossed.material
16:35:58: Parsing script Examples-Advanced.material
16:35:58: Parsing script Examples-DynTex.material
16:35:58: Parsing script Examples-Water.material
16:35:58: Parsing script Examples.material
16:35:58: Parsing script facial.material
16:35:58: Parsing script Glass.material
16:35:58: Parsing script GLSLSwizzle.material
16:35:58: Parsing script Halftone.material
16:35:58: Parsing script hdr.material
16:35:58: Parsing script HeatVision.material
16:35:58: Parsing script Hurt.material
16:35:58: Parsing script instancing.material
16:35:58: Parsing script Invert.material
16:35:58: Parsing script IsoSurf.material
16:35:58: Parsing script Laplace.material
16:35:58: Parsing script MotionBlur.material
16:35:58: Parsing script MRTtest.material
16:35:58: Parsing script NightVision.material
16:35:58: Parsing script Ocean.material
16:35:59: Parsing script OffsetMapping.material
16:35:59: Parsing script Ogre.material
16:35:59: Parsing script OldMovie.material
16:35:59: Parsing script OldTV.material
16:35:59: Parsing script Penguin.material
16:35:59: Parsing script Posterize.material
16:35:59: Parsing script pssm.material
16:35:59: Parsing script RadialBlur.material
16:35:59: Parsing script RZR-002.material
16:35:59: Parsing script ShaderSystem.material
16:35:59: Parsing script SharpenEdges.material
16:35:59: Parsing script sibenik.material
16:35:59: Parsing script smoke.material
16:35:59: Parsing script Tiling.material
16:35:59: Parsing script VarianceShadowmap.material
16:35:59: Parsing script medui.material
16:35:59: Parsing script emitted_emitter.particle
16:35:59: Parsing script Examples-Water.particle
16:35:59: Parsing script Examples.particle
16:35:59: Parsing script smoke.particle
16:35:59: Parsing script Examples.compositor
16:35:59: Parsing script med.fontdef
16:35:59: Parsing script sample.fontdef
16:35:59: Parsing script hfont.fontdef
16:35:59: Parsing script meshview.overlay
16:35:59: Texture: bgui.window.png: Loading 1 faces(PF_A8R8G8B8,128x128x1) with  hardware generated mipmaps from Image. Internal format is PF_A8R8G8B8,128x128x1.
16:35:59: Font mview/fontusing texture size 512x512
16:35:59: Info: Freetype returned null for character 160 in font mview/font
16:35:59: Texture: mview/fontTexture: Loading 1 faces(PF_BYTE_LA,512x512x1) with 0 generated mipmaps from Image. Internal format is PF_BYTE_LA,512x512x1.
16:35:59: Parsing script CompositorDemo.overlay
16:35:59: Finished parsing scripts for resource group General
16:35:59: Parsing scripts for resource group Internal
16:35:59: Finished parsing scripts for resource group Internal
16:35:59: [APP] Mouse Cursor is showed.
16:35:59: [HTTP] start http server 0.0.0.0:8081 ../http thread:1 server-script:1
16:35:59: [MAIN] appInit() - OK
16:35:59: [MAIN] use timer fps: 80 time: 12
16:35:59: Creating resource group MeshViewStage
16:35:59: OGRE EXCEPTION(6:FileNotFoundException): Cannot locate resource MeshView.config.xml in resource group General or any other group. in ResourceGroupManager::openResource at ..\..\OgreMain\src\OgreResourceGroupManager.cpp (line 752)
16:35:59: [XML] Error - creating TiXmlDocument MeshView.config.xml Cannot locate resource MeshView.config.xml in resource group General or any other group.
16:35:59: [XML] Can't open file: 'MeshView.config.xml'           .\lib\xmlconfig.cpp(27): med::xml::XMLConfig::load()
16:35:59: [STAGE] load config file: 'MeshView.config.xml' ok: 0
16:35:59: OGRE EXCEPTION(6:FileNotFoundException): Cannot locate resource  in resource group General or any other group. in ResourceGroupManager::openResource at ..\..\OgreMain\src\OgreResourceGroupManager.cpp (line 752)
16:35:59: [XML] Error - creating TiXmlDocument  Cannot locate resource  in resource group General or any other group.
16:35:59: [XML] Can't open file: ''           .\lib\xmlconfig.cpp(27): med::xml::XMLConfig::load()
16:35:59: [STAGE] load config file: '' ok: 0
16:35:59: [APP] Crreate SceneManager: TerrainSceneManager
16:35:59: TerrainSceneManager: Registered a new PageSource for type Heightmap
16:35:59: [WND] create camera Camera_0_Camera
16:35:59: [WND] add viewport: 0x41D0BA8 cam: Camera_0_Camera zOrder: 0
16:35:59: [MVIEW] ambient: (0.100, 0.100, 0.100, 1.000) bgcolor: (0.000, 0.500, 1.000, 1.000)
16:35:59: [MVIEW] KeyLight Color: (0.700, 0.700, 0.700, 1.000) Spec: (0.400, 0.400, 0.400, 1.000) pos: (0.000, 0.000, 0.000) (0.000, 0.000, -1.000) yaw: -45.000000 pitch: -45.000000 type: 
16:35:59: [MVIEW] BackLight Color: (0.400, 0.400, 0.400, 1.000) Spec: (0.000, 0.000, 0.000, 1.000) pos: (0.000, 0.000, 0.000) (0.000, 0.000, -1.000) yaw: -20.000000 pitch: -100.000000 type: 
16:35:59: [MVIEW] FillLight Color: (0.200, 0.200, 0.200, 1.000) Spec: (0.000, 0.000, 0.000, 1.000) pos: (0.000, 0.000, 0.000) (0.000, 0.000, -1.000) yaw: 15.000000 pitch: 0.000000 type: 
16:35:59: Creating resource group MVIEW
16:35:59: Added resource location 'C:/Programming/Game Engine Code Real/Project/OGRE3D/Ogre3D/resource/' of type 'FileSystem' to resource group 'MVIEW'
16:35:59: Initialising resource group MVIEW
16:35:59: Parsing scripts for resource group MVIEW
16:35:59: Parsing script axes.material
16:35:59: Parsing script ball.material
16:35:59: Parsing script box.material
16:35:59: Parsing script cone.material
16:35:59: Parsing script Dustin.material
16:35:59: Parsing script fence.MESH.material
16:35:59: Parsing script fish.material
16:35:59: Parsing script GouraudShading.material
16:35:59: Parsing script Information.material
16:35:59: Parsing script item.material
16:35:59: Parsing script KPU_LOGO.material
16:35:59: Parsing script Map.material
16:35:59: Parsing script ninja.material
16:35:59: Parsing script particle.material
16:35:59: Compiler error: unknown error in particle.material(108): token "cull_hareware" is not recognized
16:35:59: Parsing script PhongShading.material
16:35:59: Parsing script Sinbad.material
16:35:59: Parsing script Sky.material
16:35:59: Parsing script wooden.material
16:35:59: Parsing script lecture.fontdef
16:35:59: Parsing script Information.overlay
16:35:59: Texture: DebugBG.png: Loading 1 faces(PF_A8R8G8B8,256x128x1) with  hardware generated mipmaps from Image. Internal format is PF_A8R8G8B8,256x128x1.
16:36:00: Font Font/NanumBold18using texture size 4096x4096
16:36:00: Info: Freetype returned null for character 160 in font Font/NanumBold18
16:36:01: Info: Freetype returned null for character 12644 in font Font/NanumBold18
16:36:02: Texture: Font/NanumBold18Texture: Loading 1 faces(PF_BYTE_LA,4096x4096x1) with 0 generated mipmaps from Image. Internal format is PF_BYTE_LA,4096x4096x1.
16:36:02: Parsing script Title.overlay
16:36:02: Texture: KPU_LOGO.gif: Loading 1 faces(PF_R8G8B8,215x222x1) with 5 generated mipmaps from Image. Internal format is PF_X8R8G8B8,215x222x1.
16:36:02: Finished parsing scripts for resource group MVIEW
16:36:02: [MVIEW] add resource path: C:/Programming/Game Engine Code Real/Project/OGRE3D/Ogre3D/resource/
16:36:02: Mesh: Loading Sinbad.mesh.
16:36:02: Skeleton: Loading Sinbad.skeleton
16:36:02: WARNING: Sinbad.mesh is an older format ([MeshSerializer_v1.40]); you should upgrade it as soon as possible using the OgreMeshUpgrade tool.
16:36:02: Texture: sinbad_body.tga: Loading 1 faces(PF_R8G8B8,512x512x1) with  hardware generated mipmaps from Image. Internal format is PF_X8R8G8B8,512x512x1.
16:36:02: Texture: sinbad_clothes.tga: Loading 1 faces(PF_R8G8B8,512x512x1) with  hardware generated mipmaps from Image. Internal format is PF_X8R8G8B8,512x512x1.
16:36:02: Texture: sinbad_sword.tga: Loading 1 faces(PF_R8G8B8,256x256x1) with  hardware generated mipmaps from Image. Internal format is PF_X8R8G8B8,256x256x1.
16:36:02: WARNING: the mesh 'Sinbad.mesh' includes vertices with more than 4 bone assignments. The lowest weighted assignments beyond this limit have been removed, so your animation may look slightly different. To eliminate this, reduce the number of bone assignments per vertex on your mesh to 4.
16:36:02: Mesh: Loading UnitCube.mesh.
16:36:02: Mesh: Loading UnitSphere.mesh.
16:36:02: [MVIEW] no pose
16:36:02: [MVIEW] no morph
16:36:02: Texture: bgui.window.resize.png: Loading 1 faces(PF_A8R8G8B8,16x16x1) with  hardware generated mipmaps from Image. Internal format is PF_A8R8G8B8,16x16x1.
16:36:02: Texture: bgui.button.png: Loading 1 faces(PF_R8G8B8,64x16x1) with  hardware generated mipmaps from Image. Internal format is PF_X8R8G8B8,64x16x1.
16:36:02: [BETA] widget name: 'Quit' key:VK_ESCAPE code:0x1b
16:36:02: [BETA] widget name: 'Change Tabs' key:VK_TAB code:0x9
16:36:02: [BETA] widget name: 'Reload Mesh' key:VK_F5 code:0x74
16:36:02: [BETA] widget name: 'Animation' key:Q code:0x51
16:36:02: [BETA] widget name: 'Mesh' key:W code:0x57
16:36:02: [BETA] widget name: 'Particle' key:E code:0x45
16:36:02: [BETA] widget name: 'Material' key:M code:0x4d
16:36:02: [BETA] widget name: 'Overlay' key:O code:0x4f
16:36:02: [BETA] widget name: 'Show Ground' key:G code:0x47
16:36:02: [BETA] widget name: 'Shadow' key:S code:0x53
16:36:02: [BETA] widget name: 'Filtering' key:F code:0x46
16:36:02: [BETA] widget name: 'NoTexture' key:T code:0x54
16:36:02: [BETA] widget name: 'Reset' key:VK_SPACE code:0x20
16:36:02: [BETA] widget name: 'X' key:X code:0x58
16:36:02: [BETA] widget name: 'Y' key:C code:0x43
16:36:02: [BETA] widget name: 'Z' key:Z code:0x5a
16:36:02: [BETA] widget name: 'BoundBox' key:N code:0x4e
16:36:02: [BETA] widget name: 'PolyMode' key:R code:0x52
16:36:02: [BETA] widget name: 'Bone' key:B code:0x42
16:36:02: [BETA] widget name: 'Bone NoTitle' key:V code:0x56
16:36:02: [BETA] widget name: 'Stop Ani' key:` code:0x60
16:36:02: [BETA] widget name: 'Info' key:I code:0x49
16:36:02: [BETA] widget name: 'Control' key:U code:0x55
16:36:02: [BETA] widget name: 'Log' key:L code:0x4c
16:36:02: [BETA] widget name: 'MouseUp' key:+ code:0x2b
16:36:02: [BETA] widget name: 'MouseDown' key:- code:0x2d
16:36:02: [BETA] widget name: 'MouseReset' key:* code:0x2a
16:36:02: [BETA] widget name: 'Light Main' key:VK_F1 code:0x70
16:36:02: [BETA] widget name: 'Light Back' key:VK_F2 code:0x71
16:36:02: [BETA] widget name: 'Light Fill' key:VK_F3 code:0x72
16:36:02: [BETA] widget name: 'Light Control' key:VK_F9 code:0x78
16:36:02: [BETA] widget name: 'Mouse Control' key:VK_F8 code:0x77
16:36:02: [BETA] widget name: 'Screenshot' key:VK_SNAPSHOT code:0x2c
16:36:02: [BETA] widget name: 'Reload' key:VK_F5 code:0x74
16:36:02: [BETA] Error - Hotkey is duplicated. widget:  0xb388c70 key: 0x74
16:36:02: Texture: bgui.window.titlebar.png: Loading 1 faces(PF_A8R8G8B8,128x16x1) with  hardware generated mipmaps from Image. Internal format is PF_A8R8G8B8,128x16x1.
16:36:02: Texture: bgui.rolldown.png: Loading 1 faces(PF_A8R8G8B8,16x16x1) with  hardware generated mipmaps from Image. Internal format is PF_A8R8G8B8,16x16x1.
16:36:02: Texture: bgui.close.png: Loading 1 faces(PF_R8G8B8,16x16x1) with  hardware generated mipmaps from Image. Internal format is PF_X8R8G8B8,16x16x1.
16:36:02: Texture: bgui.textinput.png: Loading 1 faces(PF_R8G8B8,64x16x1) with  hardware generated mipmaps from Image. Internal format is PF_X8R8G8B8,64x16x1.
16:36:02: Texture: bgui.rollup.active.png: Loading 1 faces(PF_A8R8G8B8,16x16x1) with  hardware generated mipmaps from Image. Internal format is PF_A8R8G8B8,16x16x1.
16:36:02: [BETA] Error - Ignore Duplicate Widget Name: 'get' 0xb3ee2d0           .\gui\betagui\betagui_mgr.cpp(243): med::gui::betagui::BetaGuiInstance::pushWidget()
16:36:02: [BETA] Error - Ignore Duplicate Widget Name: 'set' 0xb3ee450           .\gui\betagui\betagui_mgr.cpp(243): med::gui::betagui::BetaGuiInstance::pushWidget()
16:36:02: [STAGE] load ui file: 'meshview.ui.xml' ok: 1
16:36:02: Texture: check1d.png: Loading 1 faces(PF_R8G8B8,2x1x1) with  hardware generated mipmaps from Image. Internal format is PF_X8R8G8B8,2x1x1.
16:36:03: Texture: bgui.window.active.png: Loading 1 faces(PF_A8R8G8B8,128x128x1) with  hardware generated mipmaps from Image. Internal format is PF_A8R8G8B8,128x128x1.
16:36:04: Texture: bgui.button.active.png: Loading 1 faces(PF_R8G8B8,64x16x1) with  hardware generated mipmaps from Image. Internal format is PF_X8R8G8B8,64x16x1.
16:36:58: [MAIN] appUnInit() - ENTER
16:36:58: [APP] uninit meshview ......

16:36:58: [HTTP] shutdown http server....
16:36:58: [APP] --ENTER--           .\app\appApp.cpp(222): med::app::AppApplication::uninit()
16:36:58: [TASK] RemoveTask Type: RENDER_BEFORE Name: StageManager 0x3523898
16:36:58: [BETA] OverlayElement Count is Mathced. Create:895 Delete:895
16:36:58: Destroying resource group MeshViewStage
16:36:58: Unloading resource group MeshViewStage
16:36:58: Finished unloading resource group MeshViewStage
16:36:58: [TASK] RemoveTask Type: GUI Name: GUI 0x3514a28
16:36:58: [TASK] RemoveTask Type: GUI Name: BetaGui 0x3544448
16:36:58: [TASK] RemoveTask Type: RENDER Name: Renderer 0x351ddb0
16:36:58: [debug] logci destroy.
16:36:58: [debug] logci destroy.
16:36:58: [debug] logci destroy.
16:36:58: [SYS] --ENTER--           .\gamelib\sysutils.cpp(27): med::ogre::unregisterAllCustomFactoryManager()
16:36:58: Unregistering ResourceManager for type TextFile
16:36:58: [SYS] --LEAVE--           .\gamelib\sysutils.cpp(35): med::ogre::unregisterAllCustomFactoryManager()
16:36:58: [v8 ] v8 united.
16:36:58: DefaultWorkQueue('Root') shutting down on thread 008CE8D8.
16:36:58: DefaultWorkQueue('Root')::WorkerFunc - thread 008E1858 stopped.
16:36:58: DefaultWorkQueue('Root')::WorkerFunc - thread 008E1CA8 stopped.
16:36:58: DefaultWorkQueue('Root')::WorkerFunc - thread 008E1C48 stopped.
16:36:58: DefaultWorkQueue('Root')::WorkerFunc - thread 008E1C78 stopped.
16:36:58: *-*-* OGRE Shutdown
16:36:58: Unregistering ResourceManager for type Compositor
16:36:58: Unregistering ResourceManager for type Font
16:36:58: Unregistering ResourceManager for type Skeleton
16:36:58: Unregistering ResourceManager for type Mesh
16:36:58: Unregistering ResourceManager for type HighLevelGpuProgram
16:36:58: Uninstalling plugin: D3D9 RenderSystem
16:36:58: D3D9 : Shutting down cleanly.
16:36:58: Unregistering ResourceManager for type Texture
16:36:58: Unregistering ResourceManager for type GpuProgram
16:36:58: D3D9 : Direct3D9 Rendering Subsystem destroyed.
16:36:58: Plugin successfully uninstalled
16:36:58: Unloading library .\RenderSystem_Direct3D9
16:36:58: Uninstalling plugin: ParticleFX
16:36:58: Plugin successfully uninstalled
16:36:58: Unloading library .\Plugin_ParticleFX
16:36:58: Uninstalling plugin: Octree & Terrain Scene Manager
16:36:58: Plugin successfully uninstalled
16:36:58: Unloading library .\Plugin_OctreeSceneManager
16:36:58: Uninstalling plugin: Cg Program Manager
16:36:58: Plugin successfully uninstalled
16:36:58: Unloading library .\Plugin_CgProgramManager
16:36:58: Unregistering ResourceManager for type Material
16:36:58: [APP] --LEAVE--           .\app\appApp.cpp(264): med::app::AppApplication::uninit()
16:36:58: [OBJ] destroy id:0 total:0

16:36:58: [MAIN] appUnInit() - OK
