00:11:14: Creating resource group General
00:11:14: Creating resource group Internal
00:11:14: Creating resource group Autodetect
00:11:14: SceneManagerFactory for type 'DefaultSceneManager' registered.
00:11:14: Registering ResourceManager for type Material
00:11:14: Registering ResourceManager for type Mesh
00:11:14: Registering ResourceManager for type Skeleton
00:11:14: MovableObjectFactory for type 'ParticleSystem' registered.
00:11:14: ArchiveFactory for archive type FileSystem registered.
00:11:14: ArchiveFactory for archive type Zip registered.
00:11:14: ArchiveFactory for archive type EmbeddedZip registered.
00:11:14: DDS codec registering
00:11:14: FreeImage version: 3.18.0
00:11:14: This program uses FreeImage, a free, open source image library supporting all common bitmap formats. See http://freeimage.sourceforge.net for details
00:11:14: Supported formats: bmp,ico,jpg,jif,jpeg,jpe,jng,koa,iff,lbm,mng,pbm,pbm,pcd,pcx,pgm,pgm,png,ppm,ppm,ras,tga,targa,tif,tiff,wap,wbmp,wbm,psd,psb,cut,xbm,xpm,gif,hdr,g3,sgi,rgb,rgba,bw,exr,j2k,j2c,jp2,pfm,pct,pict,pic,3fr,arw,bay,bmq,cap,cine,cr2,crw,cs1,dc2,dcr,drf,dsc,dng,erf,fff,ia,iiq,k25,kc2,kdc,mdc,mef,mos,mrw,nef,nrw,orf,pef,ptx,pxn,qtk,raf,raw,rdc,rw2,rwl,rwz,sr2,srf,srw,sti,x3f,webp,jxr,wdp,hdp
00:11:14: ETC codec registering
00:11:14: Registering ResourceManager for type HighLevelGpuProgram
00:11:14: Registering ResourceManager for type Compositor
00:11:14: MovableObjectFactory for type 'Entity' registered.
00:11:14: MovableObjectFactory for type 'Light' registered.
00:11:14: MovableObjectFactory for type 'BillboardSet' registered.
00:11:14: MovableObjectFactory for type 'ManualObject' registered.
00:11:14: MovableObjectFactory for type 'BillboardChain' registered.
00:11:14: MovableObjectFactory for type 'RibbonTrail' registered.
00:11:14: Loading library .\RenderSystem_GL
00:11:14: Installing plugin: GL RenderSystem
00:11:14: OpenGL Rendering Subsystem created.
00:11:14: Plugin successfully installed
00:11:14: Loading library .\Plugin_OctreeSceneManager
00:11:14: Installing plugin: Octree Scene Manager
00:11:14: Plugin successfully installed
00:11:14: *-*-* OGRE Initialising
00:11:14: *-*-* Version 1.9.0 (Ghadamon)
00:11:14: CPU Identifier & Features
00:11:14: -------------------------
00:11:14:  *   CPU ID: GenuineIntel: Intel(R) Core(TM) i7-6700HQ CPU @ 2.60GHz
00:11:14:  *      SSE: yes
00:11:14:  *     SSE2: yes
00:11:14:  *     SSE3: yes
00:11:14:  *      MMX: yes
00:11:14:  *   MMXEXT: yes
00:11:14:  *    3DNOW: no
00:11:14:  * 3DNOWEXT: no
00:11:14:  *     CMOV: yes
00:11:14:  *      TSC: yes
00:11:14:  *      FPU: yes
00:11:14:  *      PRO: yes
00:11:14:  *       HT: no
00:11:14: -------------------------
00:11:14: *** Starting Win32GL Subsystem ***
00:11:14: Registering ResourceManager for type Texture
00:11:14: GLRenderSystem::_createRenderWindow "Game Framework : Music Run!", 1024x768 windowed  miscParams: FSAA=0 FSAAHint= colourDepth=32 displayFrequency=0 gamma=false vsync=false vsyncInterval=1 
00:11:14: Created Win32Window 'Game Framework : Music Run!' : 1040x807, 32bpp
00:11:14: GL_VERSION = 4.4.0 - Build 20.19.15.4444
00:11:14: GL_VENDOR = Intel
00:11:14: GL_RENDERER = Intel(R) HD Graphics 530
00:11:14: GL_EXTENSIONS = GL_EXT_blend_minmax GL_EXT_blend_subtract GL_EXT_blend_color GL_EXT_abgr GL_EXT_texture3D GL_EXT_clip_volume_hint GL_EXT_compiled_vertex_array GL_SGIS_texture_edge_clamp GL_SGIS_generate_mipmap GL_EXT_draw_range_elements GL_SGIS_texture_lod GL_EXT_rescale_normal GL_EXT_packed_pixels GL_EXT_texture_edge_clamp GL_EXT_separate_specular_color GL_ARB_multitexture GL_ARB_map_buffer_alignment GL_ARB_conservative_depth GL_EXT_texture_env_combine GL_EXT_bgra GL_EXT_blend_func_separate GL_EXT_secondary_color GL_EXT_fog_coord GL_EXT_texture_env_add GL_ARB_texture_cube_map GL_ARB_transpose_matrix GL_ARB_internalformat_query GL_ARB_internalformat_query2 GL_ARB_texture_env_add GL_IBM_texture_mirrored_repeat GL_ARB_texture_mirrored_repeat GL_EXT_multi_draw_arrays GL_SUN_multi_draw_arrays GL_NV_blend_square GL_ARB_texture_compression GL_3DFX_texture_compression_FXT1 GL_EXT_texture_filter_anisotropic GL_ARB_texture_border_clamp GL_ARB_point_parameters GL_ARB_texture_env_combine GL_ARB_texture_env_dot3 GL_ARB_texture_env_crossbar GL_EXT_texture_compression_s3tc GL_ARB_shadow GL_ARB_window_pos GL_EXT_shadow_funcs GL_EXT_stencil_wrap GL_ARB_vertex_program GL_EXT_texture_rectangle GL_ARB_fragment_program GL_EXT_stencil_two_side GL_ATI_separate_stencil GL_ARB_vertex_buffer_object GL_EXT_texture_lod_bias GL_ARB_occlusion_query GL_ARB_fragment_shader GL_ARB_shader_objects GL_ARB_shading_language_100 GL_ARB_texture_non_power_of_two GL_ARB_vertex_shader GL_NV_texgen_reflection GL_ARB_point_sprite GL_ARB_fragment_program_shadow GL_EXT_blend_equation_separate GL_ARB_depth_texture GL_ARB_texture_rectangle GL_ARB_draw_buffers GL_ARB_color_buffer_float GL_ARB_half_float_pixel GL_ARB_texture_float GL_ARB_pixel_buffer_object GL_EXT_framebuffer_object GL_ARB_draw_instanced GL_ARB_half_float_vertex GL_ARB_occlusion_query2 GL_EXT_draw_buffers2 GL_WIN_swap_hint GL_EXT_texture_sRGB GL_ARB_multisample GL_EXT_packed_float GL_EXT_texture_shared_exponent GL_ARB_texture_rg GL_ARB_texture_compression_rgtc GL_NV_conditional_render GL_ARB_texture_swizzle GL_EXT_texture_swizzle GL_ARB_texture_gather GL_ARB_sync GL_ARB_cl_event GL_ARB_framebuffer_sRGB GL_EXT_packed_depth_stencil GL_ARB_depth_buffer_float GL_EXT_transform_feedback GL_ARB_transform_feedback2 GL_ARB_draw_indirect GL_EXT_framebuffer_blit GL_EXT_framebuffer_multisample GL_ARB_framebuffer_object GL_ARB_framebuffer_no_attachments GL_EXT_texture_array GL_EXT_texture_integer GL_ARB_map_buffer_range GL_ARB_texture_buffer_range GL_EXT_texture_snorm GL_ARB_blend_func_extended GL_INTEL_performance_query GL_ARB_copy_buffer GL_ARB_sampler_objects GL_NV_primitive_restart GL_ARB_seamless_cube_map GL_ARB_seamless_cubemap_per_texture GL_ARB_uniform_buffer_object GL_ARB_depth_clamp GL_ARB_vertex_array_bgra GL_ARB_shader_bit_encoding GL_ARB_draw_buffers_blend GL_ARB_geometry_shader4 GL_EXT_geometry_shader4 GL_ARB_texture_query_lod GL_ARB_explicit_attrib_location GL_ARB_draw_elements_base_vertex GL_EXT_shader_integer_mix GL_ARB_instanced_arrays GL_ARB_base_instance GL_ARB_fragment_coord_conventions GL_EXT_gpu_program_parameters GL_ARB_texture_buffer_object_rgb32 GL_ARB_compatibility GL_ARB_texture_rgb10_a2ui GL_ARB_texture_multisample GL_ARB_vertex_type_2_10_10_10_rev GL_ARB_vertex_type_10f_11f_11f_rev GL_ARB_timer_query GL_ARB_tessellation_shader GL_ARB_vertex_array_object GL_ARB_provoking_vertex GL_ARB_sample_shading GL_ARB_texture_cube_map_array GL_EXT_gpu_shader4 GL_ARB_gpu_shader5 GL_ARB_gpu_shader_fp64 GL_INTEL_fragment_shader_ordering GL_ARB_fragment_shader_interlock GL_ARB_clip_control GL_EXT_shader_framebuffer_fetch GL_ARB_shader_subroutine GL_ARB_transform_feedback3 GL_ARB_get_program_binary GL_ARB_separate_shader_objects GL_ARB_shader_precision GL_ARB_vertex_attrib_64bit GL_ARB_viewport_array GL_ARB_transform_feedback_instanced GL_ARB_compressed_texture_pixel_storage GL_ARB_shader_atomic_counters GL_ARB_shading_language_packing GL_ARB_shader_image_load_store GL_ARB_shading_language_420pack GL_ARB_texture_storage GL_EXT_texture_storage GL_ARB_compute_shader GL_ARB_vertex_attrib_binding GL_ARB_texture_view GL_ARB_fragment_layer_viewport GL_ARB_multi_draw_indirect GL_ARB_program_interface_query GL_ARB_shader_image_size GL_ARB_shader_storage_buffer_object GL_ARB_texture_storage_multisample GL_ARB_buffer_storage GL_AMD_vertex_shader_layer GL_AMD_vertex_shader_viewport_index GL_ARB_query_buffer_object GL_EXT_polygon_offset_clamp GL_ARB_clear_texture GL_ARB_texture_mirror_clamp_to_edge GL_ARB_debug_output GL_ARB_enhanced_layouts GL_KHR_debug GL_ARB_arrays_of_arrays GL_ARB_texture_query_levels GL_ARB_invalidate_subdata GL_ARB_clear_buffer_object GL_AMD_depth_clamp_separate GL_ARB_shader_stencil_export GL_INTEL_map_texture GL_INTEL_conservative_rasterization GL_ARB_texture_compression_bptc GL_ARB_ES2_compatibility GL_ARB_ES3_compatibility GL_ARB_robustness GL_ARB_robust_buffer_access_behavior GL_EXT_texture_sRGB_decode GL_KHR_texture_compression_astc_ldr GL_KHR_texture_compression_astc_hdr GL_ARB_copy_image GL_KHR_blend_equation_advanced GL_EXT_direct_state_access GL_ARB_stencil_texturing GL_ARB_texture_stencil8 GL_ARB_explicit_uniform_location GL_INTEL_multi_rate_fragment_shader GL_ARB_multi_bind GL_ARB_indirect_parameters 
00:11:14: Supported WGL extensions: WGL_EXT_depth_float WGL_ARB_buffer_region WGL_ARB_extensions_string WGL_ARB_make_current_read WGL_ARB_pixel_format WGL_ARB_pbuffer WGL_EXT_extensions_string WGL_EXT_swap_control WGL_EXT_swap_control_tear WGL_ARB_multisample WGL_ARB_pixel_format_float WGL_ARB_framebuffer_sRGB WGL_ARB_create_context WGL_ARB_create_context_profile WGL_EXT_pixel_format_packed_float WGL_EXT_create_context_es_profile WGL_EXT_create_context_es2_profile WGL_NV_DX_interop WGL_INTEL_cl_sharing WGL_NV_DX_interop2 WGL_ARB_create_context_robustness 
00:11:14: ***************************
00:11:14: *** GL Renderer Started ***
00:11:14: ***************************
00:11:14: Registering ResourceManager for type GpuProgram
00:11:14: GLSL support detected
00:11:14: GL: Using GL_EXT_framebuffer_object for rendering to textures (best)
00:11:14: FBO PF_UNKNOWN depth/stencil support: D0S1 D0S4 D0S8 D0S16 D16S0 D16S1 D16S4 D16S8 D16S16 D24S0 D24S1 D24S4 D24S8 D24S16 D32S0 D32S1 D32S4 D32S8 D32S16 Packed-D24S8 
00:11:14: FBO PF_A8 depth/stencil support: D0S0 D0S1 D0S4 D0S8 D0S16 D16S0 D16S1 D16S4 D16S8 D16S16 D24S0 D24S1 D24S4 D24S8 D24S16 D32S0 D32S1 D32S4 D32S8 D32S16 Packed-D24S8 
00:11:14: FBO PF_R5G6B5 depth/stencil support: D0S0 D0S1 D0S4 D0S8 D0S16 D16S0 D16S1 D16S4 D16S8 D16S16 D24S0 D24S1 D24S4 D24S8 D24S16 D32S0 D32S1 D32S4 D32S8 D32S16 Packed-D24S8 
00:11:14: FBO PF_B5G6R5 depth/stencil support: D0S0 D0S1 D0S4 D0S8 D0S16 D16S0 D16S1 D16S4 D16S8 D16S16 D24S0 D24S1 D24S4 D24S8 D24S16 D32S0 D32S1 D32S4 D32S8 D32S16 Packed-D24S8 
00:11:14: FBO PF_A4R4G4B4 depth/stencil support: D0S0 D0S1 D0S4 D0S8 D0S16 D16S0 D16S1 D16S4 D16S8 D16S16 D24S0 D24S1 D24S4 D24S8 D24S16 D32S0 D32S1 D32S4 D32S8 D32S16 Packed-D24S8 
00:11:14: FBO PF_A1R5G5B5 depth/stencil support: D0S0 D0S1 D0S4 D0S8 D0S16 D16S0 D16S1 D16S4 D16S8 D16S16 D24S0 D24S1 D24S4 D24S8 D24S16 D32S0 D32S1 D32S4 D32S8 D32S16 Packed-D24S8 
00:11:14: FBO PF_R8G8B8 depth/stencil support: D0S0 D0S1 D0S4 D0S8 D0S16 D16S0 D16S1 D16S4 D16S8 D16S16 D24S0 D24S1 D24S4 D24S8 D24S16 D32S0 D32S1 D32S4 D32S8 D32S16 Packed-D24S8 
00:11:14: FBO PF_B8G8R8 depth/stencil support: D0S0 D0S1 D0S4 D0S8 D0S16 D16S0 D16S1 D16S4 D16S8 D16S16 D24S0 D24S1 D24S4 D24S8 D24S16 D32S0 D32S1 D32S4 D32S8 D32S16 Packed-D24S8 
00:11:14: FBO PF_A8R8G8B8 depth/stencil support: D0S0 D0S1 D0S4 D0S8 D0S16 D16S0 D16S1 D16S4 D16S8 D16S16 D24S0 D24S1 D24S4 D24S8 D24S16 D32S0 D32S1 D32S4 D32S8 D32S16 Packed-D24S8 
00:11:14: FBO PF_B8G8R8A8 depth/stencil support: D0S0 D0S1 D0S4 D0S8 D0S16 D16S0 D16S1 D16S4 D16S8 D16S16 D24S0 D24S1 D24S4 D24S8 D24S16 D32S0 D32S1 D32S4 D32S8 D32S16 Packed-D24S8 
00:11:14: FBO PF_A2R10G10B10 depth/stencil support: D0S0 D0S1 D0S4 D0S8 D0S16 D16S0 D16S1 D16S4 D16S8 D16S16 D24S0 D24S1 D24S4 D24S8 D24S16 D32S0 D32S1 D32S4 D32S8 D32S16 Packed-D24S8 
00:11:14: FBO PF_A2B10G10R10 depth/stencil support: D0S0 D0S1 D0S4 D0S8 D0S16 D16S0 D16S1 D16S4 D16S8 D16S16 D24S0 D24S1 D24S4 D24S8 D24S16 D32S0 D32S1 D32S4 D32S8 D32S16 Packed-D24S8 
00:11:14: FBO PF_FLOAT16_RGB depth/stencil support: D0S0 D0S1 D0S4 D0S8 D0S16 D16S0 D16S1 D16S4 D16S8 D16S16 D24S0 D24S1 D24S4 D24S8 D24S16 D32S0 D32S1 D32S4 D32S8 D32S16 Packed-D24S8 
00:11:14: FBO PF_FLOAT16_RGBA depth/stencil support: D0S0 D0S1 D0S4 D0S8 D0S16 D16S0 D16S1 D16S4 D16S8 D16S16 D24S0 D24S1 D24S4 D24S8 D24S16 D32S0 D32S1 D32S4 D32S8 D32S16 Packed-D24S8 
00:11:14: FBO PF_FLOAT32_RGB depth/stencil support: D0S0 D0S1 D0S4 D0S8 D0S16 D16S0 D16S1 D16S4 D16S8 D16S16 D24S0 D24S1 D24S4 D24S8 D24S16 D32S0 D32S1 D32S4 D32S8 D32S16 Packed-D24S8 
00:11:14: FBO PF_FLOAT32_RGBA depth/stencil support: D0S0 D0S1 D0S4 D0S8 D0S16 D16S0 D16S1 D16S4 D16S8 D16S16 D24S0 D24S1 D24S4 D24S8 D24S16 D32S0 D32S1 D32S4 D32S8 D32S16 Packed-D24S8 
00:11:14: FBO PF_X8R8G8B8 depth/stencil support: D0S0 D0S1 D0S4 D0S8 D0S16 D16S0 D16S1 D16S4 D16S8 D16S16 D24S0 D24S1 D24S4 D24S8 D24S16 D32S0 D32S1 D32S4 D32S8 D32S16 Packed-D24S8 
00:11:14: FBO PF_X8B8G8R8 depth/stencil support: D0S0 D0S1 D0S4 D0S8 D0S16 D16S0 D16S1 D16S4 D16S8 D16S16 D24S0 D24S1 D24S4 D24S8 D24S16 D32S0 D32S1 D32S4 D32S8 D32S16 Packed-D24S8 
00:11:14: FBO PF_SHORT_RGBA depth/stencil support: D0S0 D0S1 D0S4 D0S8 D0S16 D16S0 D16S1 D16S4 D16S8 D16S16 D24S0 D24S1 D24S4 D24S8 D24S16 D32S0 D32S1 D32S4 D32S8 D32S16 Packed-D24S8 
00:11:14: FBO PF_R3G3B2 depth/stencil support: D0S0 D0S1 D0S4 D0S8 D0S16 D16S0 D16S1 D16S4 D16S8 D16S16 D24S0 D24S1 D24S4 D24S8 D24S16 D32S0 D32S1 D32S4 D32S8 D32S16 Packed-D24S8 
00:11:14: FBO PF_SHORT_RGB depth/stencil support: D0S0 D0S1 D0S4 D0S8 D0S16 D16S0 D16S1 D16S4 D16S8 D16S16 D24S0 D24S1 D24S4 D24S8 D24S16 D32S0 D32S1 D32S4 D32S8 D32S16 Packed-D24S8 
00:11:14: [GL] : Valid FBO targets PF_UNKNOWN PF_A8 PF_R5G6B5 PF_B5G6R5 PF_A4R4G4B4 PF_A1R5G5B5 PF_R8G8B8 PF_B8G8R8 PF_A8R8G8B8 PF_B8G8R8A8 PF_A2R10G10B10 PF_A2B10G10R10 PF_FLOAT16_RGB PF_FLOAT16_RGBA PF_FLOAT32_RGB PF_FLOAT32_RGBA PF_X8R8G8B8 PF_X8B8G8R8 PF_SHORT_RGBA PF_R3G3B2 PF_SHORT_RGB 
00:11:14: RenderSystem capabilities
00:11:14: -------------------------
00:11:14: RenderSystem Name: OpenGL Rendering Subsystem
00:11:14: GPU Vendor: intel
00:11:14: Device Name: Intel(R) HD Graphics 530
00:11:14: Driver Version: 4.4.0.0
00:11:14:  * Fixed function pipeline: yes
00:11:14:  * Hardware generation of mipmaps: no
00:11:14:  * Texture blending: yes
00:11:14:  * Anisotropic texture filtering: yes
00:11:14:  * Dot product texture operation: yes
00:11:14:  * Cube mapping: yes
00:11:14:  * Hardware stencil buffer: yes
00:11:14:    - Stencil depth: 8
00:11:14:    - Two sided stencil support: yes
00:11:14:    - Wrap stencil values: yes
00:11:14:  * Hardware vertex / index buffers: yes
00:11:14:  * 32-bit index buffers: yes
00:11:14:  * Vertex programs: yes
00:11:14:  * Number of floating-point constants for vertex programs: 256
00:11:14:  * Number of integer constants for vertex programs: 0
00:11:14:  * Number of boolean constants for vertex programs: 0
00:11:14:  * Fragment programs: yes
00:11:14:  * Number of floating-point constants for fragment programs: 256
00:11:14:  * Number of integer constants for fragment programs: 0
00:11:14:  * Number of boolean constants for fragment programs: 0
00:11:14:  * Geometry programs: yes
00:11:14:  * Number of floating-point constants for geometry programs: 4096
00:11:14:  * Number of integer constants for geometry programs: 0
00:11:14:  * Number of boolean constants for geometry programs: 0
00:11:14:  * Tesselation Hull programs: no
00:11:14:  * Number of floating-point constants for tesselation hull programs: 0
00:11:14:  * Number of integer constants for tesselation hull programs: 0
00:11:14:  * Number of boolean constants for tesselation hull programs: 0
00:11:14:  * Tesselation Domain programs: no
00:11:14:  * Number of floating-point constants for tesselation domain programs: 0
00:11:14:  * Number of integer constants for tesselation domain programs: 0
00:11:14:  * Number of boolean constants for tesselation domain programs: 0
00:11:14:  * Compute programs: no
00:11:14:  * Number of floating-point constants for compute programs: 0
00:11:14:  * Number of integer constants for compute programs: 0
00:11:14:  * Number of boolean constants for compute programs: 0
00:11:14:  * Supported Shader Profiles: arbfp1 arbvp1 glsl glsl100 glsl110 glsl120 gp4gp gpu_gp nvgp4
00:11:14:  * Texture Compression: yes
00:11:14:    - DXT: yes
00:11:14:    - VTC: no
00:11:14:    - PVRTC: no
00:11:14:    - ATC: no
00:11:14:    - ETC1: no
00:11:14:    - ETC2: no
00:11:14:    - BC4/BC5: no
00:11:14:    - BC6H/BC7: no
00:11:14:  * Scissor Rectangle: yes
00:11:14:  * Hardware Occlusion Query: yes
00:11:14:  * User clip planes: yes
00:11:14:  * VET_UBYTE4 vertex element type: yes
00:11:14:  * Infinite far plane projection: yes
00:11:14:  * Hardware render-to-texture: yes
00:11:14:  * Floating point textures: yes
00:11:14:  * Non-power-of-two textures: yes
00:11:14:  * 1d textures: yes
00:11:14:  * Volume textures: yes
00:11:14:  * Multiple Render Targets: 8
00:11:14:    - With different bit depths: yes
00:11:14:  * Point Sprites: yes
00:11:14:  * Extended point parameters: yes
00:11:14:  * Max Point Size: 255
00:11:14:  * Vertex texture fetch: yes
00:11:14:  * Number of world matrices: 0
00:11:14:  * Number of texture units: 16
00:11:14:  * Stencil buffer depth: 8
00:11:14:  * Number of vertex blend matrices: 0
00:11:14:    - Max vertex textures: 32
00:11:14:    - Vertex textures shared: yes
00:11:14:  * Render to Vertex Buffer : no
00:11:14:  * Hardware Atomic Counters: no
00:11:14:  * GL 1.5 without VBO workaround: no
00:11:14:  * Frame Buffer objects: yes
00:11:14:  * Frame Buffer objects (ARB extension): no
00:11:14:  * Frame Buffer objects (ATI extension): no
00:11:14:  * PBuffer support: yes
00:11:14:  * GL 1.5 without HW-occlusion workaround: no
00:11:14:  * Vertex Array Objects: no
00:11:14:  * Separate shader objects: no
00:11:14: DefaultWorkQueue('Root') initialising on thread 36c8.
00:11:14: Particle Renderer Type 'billboard' registered
00:11:14: SceneManagerFactory for type 'OctreeSceneManager' registered.
00:11:14: OverlayElementFactory for type Panel registered.
00:11:14: OverlayElementFactory for type BorderPanel registered.
00:11:14: OverlayElementFactory for type TextArea registered.
00:11:14: DefaultWorkQueue('Root')::WorkerFunc - thread 3778 starting.
00:11:14: Registering ResourceManager for type Font
00:11:14: DefaultWorkQueue('Root')::WorkerFunc - thread 37e0 starting.
00:11:14: DefaultWorkQueue('Root')::WorkerFunc - thread 3788 starting.
00:11:14: DefaultWorkQueue('Root')::WorkerFunc - thread 3588 starting.
00:11:14: Added resource location 'resource.zip' of type 'Zip' to resource group 'General'
00:11:14: DefaultWorkQueue('Root')::WorkerFunc - thread 3808 starting.
00:11:14: Added resource location './' of type 'FileSystem' to resource group 'General'
00:11:14: Parsing scripts for resource group Autodetect
00:11:14: Finished parsing scripts for resource group Autodetect
00:11:14: Creating resources for group Autodetect
00:11:14: All done
00:11:14: Parsing scripts for resource group General
00:11:14: DefaultWorkQueue('Root')::WorkerFunc - thread 35a4 starting.
00:11:14: DefaultWorkQueue('Root')::WorkerFunc - thread 3594 starting.
00:11:14: Parsing script axes.material
00:11:14: Parsing script Background.material
00:11:14: DefaultWorkQueue('Root')::WorkerFunc - thread 35b4 starting.
00:11:14: Parsing script ball.material
00:11:14: Parsing script box.material
00:11:14: Parsing script coin.material
00:11:14: Parsing script cone.material
00:11:14: Parsing script Dustin.material
00:11:14: Parsing script fence.MESH.material
00:11:14: Parsing script fish.material
00:11:14: Parsing script GouraudShading.material
00:11:14: Parsing script Information.material
00:11:14: Parsing script item.material
00:11:14: Parsing script KPU_LOGO.material
00:11:14: Parsing script KPU_LOGO_Title.material
00:11:14: Parsing script Map.material
00:11:14: Parsing script ninja.material
00:11:14: Parsing script particle.material
00:11:14: Compiler error: unknown error in particle.material(108): token "cull_hareware" is not recognized
00:11:14: Parsing script PhongShading.material
00:11:14: Parsing script Sinbad.material
00:11:14: Parsing script Sky.material
00:11:14: Compiler error: fewer parameters expected in Sky.material(65): cubic_texture must have at most 7 arguments
00:11:14: Compiler error: unknown error in Sky.material(70): token "LobyCube_DN.jpg" is not recognized
00:11:14: Parsing script skybox.material
00:11:14: Parsing script wooden.material
00:11:14: Parsing script lecture.fontdef
00:11:14: Parsing script Information.overlay
00:11:14: Texture: DebugBG.png: Loading 1 faces(PF_A8R8G8B8,256x128x1) with 8 generated mipmaps from Image. Internal format is PF_A8R8G8B8,256x128x1.
00:11:14: Parsing script Title.overlay
00:11:14: Texture: KPU_LOGO3.png: Loading 1 faces(PF_R8G8B8,800x600x1) with 9 generated mipmaps from Image. Internal format is PF_X8R8G8B8,800x600x1.
00:11:14: Parsing script Information.overlay
00:11:14: Skipping loading overlay include: 'Information.overlay as it is already loaded.
00:11:14: Parsing script Title.overlay
00:11:14: Skipping loading overlay include: 'Title.overlay as it is already loaded.
00:11:14: Finished parsing scripts for resource group General
00:11:14: Creating resources for group General
00:11:14: All done
00:11:14: Parsing scripts for resource group Internal
00:11:14: Finished parsing scripts for resource group Internal
00:11:14: Creating resources for group Internal
00:11:14: All done
00:11:15: Font Font/NanumBold18 using texture size 4096x4096
00:11:15: Info: Freetype returned null for character 160 in font Font/NanumBold18
00:11:15: Info: Freetype returned null for character 12644 in font Font/NanumBold18
00:11:15: Texture: Font/NanumBold18Texture: Loading 1 faces(PF_BYTE_LA,4096x4096x1) with 0 generated mipmaps from Image. Internal format is PF_BYTE_LA,4096x4096x1.
00:11:41: Texture: floor.png: Loading 1 faces(PF_A8R8G8B8,260x340x1) with 8 generated mipmaps from Image. Internal format is PF_A8R8G8B8,260x340x1.
00:11:41: Texture: club.gif: Loading 1 faces(PF_R8G8B8,300x300x1) with 8 generated mipmaps from Image. Internal format is PF_X8R8G8B8,300x300x1.
00:11:41: Texture: titanium.jpg: Loading 1 faces(PF_R8G8B8,400x400x1) with 8 generated mipmaps from Image. Internal format is PF_X8R8G8B8,400x400x1.
00:11:41: Texture: WaitingForLove.jpg: Loading 1 faces(PF_R8G8B8,400x400x1) with 8 generated mipmaps from Image. Internal format is PF_X8R8G8B8,400x400x1.
00:11:41: Texture: tiesto.jpg: Loading 1 faces(PF_R8G8B8,500x500x1) with 8 generated mipmaps from Image. Internal format is PF_X8R8G8B8,500x500x1.
00:11:41: Mesh: Loading DustinBody.mesh.
00:11:41: Skeleton: Loading DustinBody_mesh.skeleton
00:11:41: WARNING: DustinBody.mesh is an older format ([MeshSerializer_v1.41]); you should upgrade it as soon as possible using the OgreMeshUpgrade tool.
00:11:41: Texture: dustinbody.png: Loading 1 faces(PF_A8R8G8B8,1024x1024x1) with 10 generated mipmaps from Image. Internal format is PF_A8R8G8B8,1024x1024x1.
00:11:41: Texture: DustinFace.png: Loading 1 faces(PF_A8R8G8B8,1024x1024x1) with 10 generated mipmaps from Image. Internal format is PF_A8R8G8B8,1024x1024x1.
00:11:42: Texture: dustinface.png: Loading 1 faces(PF_A8R8G8B8,1024x1024x1) with 10 generated mipmaps from Image. Internal format is PF_A8R8G8B8,1024x1024x1.
00:11:42: OGRE EXCEPTION(7:InternalErrorException): Cannot load GL vertex program Ogre/ShadowExtrudeDirLightFiniteDebug.  Line 297:
Error, line 12: unknown identifier 'R1'.
Error, line 12: invalid destination register.
Error, line 13: unknown identifier 'R1'.
Error, line 13: unknown identifier 'R1'.
Error, line 13: invalid destination register.
Error, line 13: invalid source register.
Error, line 14: unknown identifier 'R1'.
Error, line 14: invalid source register.
 in Ogre/ShadowExtrudeDirLightFiniteDebug at E:\Work\Source\OGRE\RenderSystems\GL\src\OgreGLGpuProgram.cpp (line 251)
00:11:42: Gpu program Ogre/ShadowExtrudeDirLightFiniteDebug encountered an error during loading and is thus not supported.
00:11:42: Texture: spot_shadow_fade.png: Loading 1 faces(PF_R8G8B8,128x128x1) with 7 generated mipmaps from Image. Internal format is PF_X8R8G8B8,128x128x1.
00:13:00: Mesh: Loading axes.mesh.
00:13:00: WARNING: axes.mesh is an older format ([MeshSerializer_v1.30]); you should upgrade it as soon as possible using the OgreMeshUpgrade tool.
00:13:00: Texture: axes.png: Loading 1 faces(PF_R8G8B8,256x256x1) with 8 generated mipmaps from Image. Internal format is PF_X8R8G8B8,256x256x1.
00:13:00: Texture: Map.gif: Loading 1 faces(PF_R8G8B8,1920x1080x1) with 10 generated mipmaps from Image. Internal format is PF_X8R8G8B8,1920x1080x1.
00:13:00: Texture: stevecube_fr.jpg: Loading 1 faces(PF_R8G8B8,500x500x1) with 8 generated mipmaps from Image. Internal format is PF_X8R8G8B8,500x500x1.
00:13:00: Texture: stevecube_bk.jpg: Loading 1 faces(PF_R8G8B8,500x500x1) with 8 generated mipmaps from Image. Internal format is PF_X8R8G8B8,500x500x1.
00:13:00: Texture: stevecube_lf.jpg: Loading 1 faces(PF_R8G8B8,500x500x1) with 8 generated mipmaps from Image. Internal format is PF_X8R8G8B8,500x500x1.
00:13:00: Texture: stevecube_rt.jpg: Loading 1 faces(PF_R8G8B8,500x500x1) with 8 generated mipmaps from Image. Internal format is PF_X8R8G8B8,500x500x1.
00:13:00: Texture: stevecube_up.jpg: Loading 1 faces(PF_R8G8B8,512x512x1) with 9 generated mipmaps from Image. Internal format is PF_X8R8G8B8,512x512x1.
00:13:00: Texture: stevecube_dn.jpg: Loading 1 faces(PF_R8G8B8,512x512x1) with 9 generated mipmaps from Image. Internal format is PF_X8R8G8B8,512x512x1.
00:13:00: Mesh: Loading coin.mesh.
00:13:00: WARNING: coin.mesh is an older format ([MeshSerializer_v1.41]); you should upgrade it as soon as possible using the OgreMeshUpgrade tool.
00:13:00: Texture: coin01.png: Loading 1 faces(PF_R8G8B8,128x128x1) with 7 generated mipmaps from Image. Internal format is PF_X8R8G8B8,128x128x1.
00:13:00: Texture: coin.png: Loading 1 faces(PF_R8G8B8,128x128x1) with 7 generated mipmaps from Image. Internal format is PF_X8R8G8B8,128x128x1.
00:15:36: DefaultWorkQueue('Root') shutting down on thread 36c8.
00:15:36: DefaultWorkQueue('Root')::WorkerFunc - thread 35a4 stopped.
00:15:36: DefaultWorkQueue('Root')::WorkerFunc - thread 3808 stopped.
00:15:36: DefaultWorkQueue('Root')::WorkerFunc - thread 35b4 stopped.
00:15:36: DefaultWorkQueue('Root')::WorkerFunc - thread 3778 stopped.
00:15:36: DefaultWorkQueue('Root')::WorkerFunc - thread 3594 stopped.
00:15:36: DefaultWorkQueue('Root')::WorkerFunc - thread 37e0 stopped.
00:15:36: DefaultWorkQueue('Root')::WorkerFunc - thread 3788 stopped.
00:15:36: DefaultWorkQueue('Root')::WorkerFunc - thread 3588 stopped.
00:15:36: *-*-* OGRE Shutdown
00:15:36: Unregistering ResourceManager for type Compositor
00:15:36: Unregistering ResourceManager for type Skeleton
00:15:36: Unregistering ResourceManager for type Mesh
00:15:36: Unregistering ResourceManager for type HighLevelGpuProgram
00:15:36: Uninstalling plugin: Octree Scene Manager
00:15:36: Plugin successfully uninstalled
00:15:36: Unloading library .\Plugin_OctreeSceneManager
00:15:36: Uninstalling plugin: GL RenderSystem
00:15:36: Unregistering ResourceManager for type GpuProgram
00:15:36: *** Stopping Win32GL Subsystem ***
00:15:36: Unregistering ResourceManager for type Texture
00:15:36: Plugin successfully uninstalled
00:15:36: Unloading library .\RenderSystem_GL
00:15:36: Unregistering ResourceManager for type Material
