bin\Release\Lab.pdb
D:\KPU\GAME ENGINE\20110608\BIN\RELEASE\LAB.EXE
D:\KPU\GAME ENGINE\20110608\BIN\RELEASE\LAB.PDB
D:\KPU\Game Engine\20110608\obj\Release\cl.command.1.tlog
D:\KPU\Game Engine\20110608\obj\Release\CL.read.1.tlog
D:\KPU\Game Engine\20110608\obj\Release\CL.write.1.tlog
D:\KPU\GAME ENGINE\20110608\OBJ\RELEASE\CLEARSTATE.OBJ
D:\KPU\GAME ENGINE\20110608\OBJ\RELEASE\GAMEMANAGER.OBJ
D:\KPU\GAME ENGINE\20110608\OBJ\RELEASE\LAB.EXE.INTERMEDIATE.MANIFEST
D:\KPU\Game Engine\20110608\obj\Release\link.command.1.tlog
D:\KPU\Game Engine\20110608\obj\Release\link.read.1.tlog
D:\KPU\Game Engine\20110608\obj\Release\link.write.1.tlog
D:\KPU\GAME ENGINE\20110608\OBJ\RELEASE\MAIN.OBJ
D:\KPU\GAME ENGINE\20110608\OBJ\RELEASE\MENUSTATE.OBJ
D:\KPU\Game Engine\20110608\obj\Release\mt.command.1.tlog
D:\KPU\Game Engine\20110608\obj\Release\mt.read.1.tlog
D:\KPU\Game Engine\20110608\obj\Release\mt.write.1.tlog
D:\KPU\GAME ENGINE\20110608\OBJ\RELEASE\OVERSTATE.OBJ
D:\KPU\GAME ENGINE\20110608\OBJ\RELEASE\PLAYSTATE.OBJ
D:\KPU\GAME ENGINE\20110608\OBJ\RELEASE\TITLESTATE.OBJ
D:\KPU\Game Engine\20110608\obj\Release\vc100.idb
D:\KPU\GAME ENGINE\20110608\OBJ\RELEASE\VC100.PDB
