빌드 시작: 2011-06-08 오후 12:57:02
     1>2 노드의 "D:\KPU\Game Engine\20110608\Lab.vcxproj" 프로젝트(build 대상)입니다.
     1>InitializeBuildStatus:
         "AlwaysCreate"이(가) 지정되었기 때문에 "obj\Release\Lab.unsuccessfulbuild"을(를) 만들고 있습니다.
       ClCompile:
         C:\Program Files\Microsoft Visual Studio 10.0\VC\bin\CL.exe /c /Iinclude /I"D:\Programing\GameEngine\OgreSDK_vc10_v1-7-2\boost_1_42" /I"D:\Programing\GameEngine\OgreSDK_vc10_v1-7-2\include" /I"D:\Programing\GameEngine\OgreSDK_vc10_v1-7-2\include\OGRE" /Zi /nologo /W3 /WX- /O2 /Ob1 /Oy- /GL /D WIN32 /D NDEBUG /D _WINDOWS /D _MBCS /Gm /EHsc /MD /GS /Gy /fp:precise /Zc:wchar_t /Zc:forScope /Fo"obj\Release\\" /Fd"obj\Release\vc100.pdb" /Gd /TP /analyze- /errorReport:prompt PlayState.cpp
         PlayState.cpp
     1>PlayState.cpp(143): warning C4244: '=' : 'double'에서 'float'(으)로 변환하면서 데이터가 손실될 수 있습니다.
     1>PlayState.cpp(334): warning C4018: '<' : signed 또는 unsigned가 일치하지 않습니다.
     1>PlayState.cpp(396): warning C4018: '<' : signed 또는 unsigned가 일치하지 않습니다.
     1>PlayState.cpp(469): warning C4482: 비표준 확장이 사용되었습니다. 정규화된 이름에 'Ogre::Node::TransformSpace' 열거형을 사용했습니다.
     1>PlayState.cpp(493): warning C4244: '-=' : 'double'에서 'float'(으)로 변환하면서 데이터가 손실될 수 있습니다.
       Link:
         C:\Program Files\Microsoft Visual Studio 10.0\VC\bin\link.exe /ERRORREPORT:PROMPT /OUT:"bin\Release\Lab.exe" /INCREMENTAL:NO /NOLOGO /LIBPATH:"D:\Programing\GameEngine\OgreSDK_vc10_v1-7-2\lib\Release" /LIBPATH:"D:\Programing\GameEngine\OgreSDK_vc10_v1-7-2\boost_1_42\lib" OgreMain.lib OIS.lib fmodex_vc.lib kernel32.lib user32.lib gdi32.lib winspool.lib comdlg32.lib advapi32.lib shell32.lib ole32.lib oleaut32.lib uuid.lib odbc32.lib odbccp32.lib /MANIFEST /ManifestFile:"obj\Release\Lab.exe.intermediate.manifest" /MANIFESTUAC:"level='asInvoker' uiAccess='false'" /DEBUG /PDB:"D:\KPU\Game Engine\20110608\bin\Release\Lab.pdb" /SUBSYSTEM:WINDOWS /OPT:REF /OPT:ICF /LTCG /TLBID:1 /DYNAMICBASE /NXCOMPAT /IMPLIB:"bin\Release\Lab.lib" /MACHINE:X86 obj\Release\ClearState.obj
         obj\Release\GameManager.obj
         obj\Release\main.obj
         obj\Release\MenuState.obj
         obj\Release\PlayState.obj
         obj\Release\OverState.obj
         obj\Release\TitleState.obj
         코드를 생성하고 있습니다.
         코드를 생성했습니다.
         Lab.vcxproj -> D:\KPU\Game Engine\20110608\bin\Release\Lab.exe
       Manifest:
         C:\Program Files\Microsoft SDKs\Windows\v7.0A\bin\mt.exe /nologo /verbose /outputresource:"bin\Release\Lab.exe;#1" /manifest obj\Release\Lab.exe.intermediate.manifest
       PostBuildEvent:
         Description: Copying exe to samples bin directory ...
         copy "bin\Release\Lab.exe" "D:\Programing\GameEngine\OgreSDK_vc10_v1-7-2\Bin\Release"
         :VCEnd
                 1개 파일이 복사되었습니다.
       FinalizeBuildStatus:
         "obj\Release\Lab.unsuccessfulbuild" 파일을 삭제하고 있습니다.
         "obj\Release\Lab.lastbuildstate"에 연결(touching)하고 있습니다.
     1>"D:\KPU\Game Engine\20110608\Lab.vcxproj" 프로젝트를 빌드했습니다(build 대상).

빌드했습니다.

경과 시간: 00:00:18.90
