15:38:33: [MAIN] appBootstrpa() - OK
15:38:33: [MAIN] appInit() - ENTER
15:38:33: [APP] init meshview ......

15:38:33: Creating resource group General
15:38:33: Creating resource group Internal
15:38:33: Creating resource group Autodetect
15:38:33: SceneManagerFactory for type 'DefaultSceneManager' registered.
15:38:33: Registering ResourceManager for type Material
15:38:33: Registering ResourceManager for type Mesh
15:38:33: Registering ResourceManager for type Skeleton
15:38:33: MovableObjectFactory for type 'ParticleSystem' registered.
15:38:33: OverlayElementFactory for type Panel registered.
15:38:33: OverlayElementFactory for type BorderPanel registered.
15:38:33: OverlayElementFactory for type TextArea registered.
15:38:33: Registering ResourceManager for type Font
15:38:33: ArchiveFactory for archive type FileSystem registered.
15:38:33: ArchiveFactory for archive type Zip registered.
15:38:33: FreeImage version: 3.11.0
15:38:33: This program uses FreeImage, a free, open source image library supporting all common bitmap formats. See http://freeimage.sourceforge.net for details
15:38:33: Supported formats: bmp,ico,jpg,jif,jpeg,jpe,jng,koa,iff,lbm,mng,pbm,pbm,pcd,pcx,pgm,pgm,png,ppm,ppm,ras,tga,targa,tif,tiff,wap,wbmp,wbm,psd,cut,xbm,xpm,gif,hdr,g3,sgi,exr,j2k,j2c,jp2
15:38:33: DDS codec registering
15:38:33: Registering ResourceManager for type HighLevelGpuProgram
15:38:33: Registering ResourceManager for type Compositor
15:38:33: MovableObjectFactory for type 'Entity' registered.
15:38:33: MovableObjectFactory for type 'Light' registered.
15:38:33: MovableObjectFactory for type 'BillboardSet' registered.
15:38:33: MovableObjectFactory for type 'ManualObject' registered.
15:38:33: MovableObjectFactory for type 'BillboardChain' registered.
15:38:33: MovableObjectFactory for type 'RibbonTrail' registered.
15:38:33: *-*-* OGRE Initialising
15:38:33: *-*-* Version 1.7.0dev-unstable (Cthugha)
15:38:33: Loading library .\Plugin_CgProgramManager
15:38:33: Installing plugin: Cg Program Manager
15:38:33: Plugin successfully installed
15:38:33: Loading library .\Plugin_OctreeSceneManager
15:38:33: Installing plugin: Octree & Terrain Scene Manager
15:38:33: Plugin successfully installed
15:38:33: Loading library .\Plugin_ParticleFX
15:38:33: Installing plugin: ParticleFX
15:38:33: Particle Emitter Type 'Point' registered
15:38:33: Particle Emitter Type 'Box' registered
15:38:33: Particle Emitter Type 'Ellipsoid' registered
15:38:33: Particle Emitter Type 'Cylinder' registered
15:38:33: Particle Emitter Type 'Ring' registered
15:38:33: Particle Emitter Type 'HollowEllipsoid' registered
15:38:33: Particle Affector Type 'LinearForce' registered
15:38:33: Particle Affector Type 'ColourFader' registered
15:38:33: Particle Affector Type 'ColourFader2' registered
15:38:33: Particle Affector Type 'ColourImage' registered
15:38:33: Particle Affector Type 'ColourInterpolator' registered
15:38:33: Particle Affector Type 'Scaler' registered
15:38:33: Particle Affector Type 'Rotator' registered
15:38:33: Particle Affector Type 'DirectionRandomiser' registered
15:38:33: Particle Affector Type 'DeflectorPlane' registered
15:38:33: Plugin successfully installed
15:38:33: Loading library .\RenderSystem_Direct3D9
15:38:33: Installing plugin: D3D9 RenderSystem
15:38:33: D3D9 : Direct3D9 Rendering Subsystem created.
15:38:33: D3D9: Driver Detection Starts
15:38:33: D3D9: Driver Detection Ends
15:38:33: Plugin successfully installed
15:38:33: Creating resource group Bootstrap
15:38:33: Added resource location '../media/packs/OgreCore.zip' of type 'Zip' to resource group 'Bootstrap'
15:38:33: Added resource location '../config' of type 'FileSystem' to resource group 'General'
15:38:33: Added resource location '../meddata' of type 'FileSystem' to resource group 'General'
15:38:33: Added resource location '../meddata/bgui.zip' of type 'Zip' to resource group 'General'
15:38:33: Added resource location '../media/fonts' of type 'FileSystem' to resource group 'General'
15:38:33: Added resource location '../media/materials/programs' of type 'FileSystem' to resource group 'General'
15:38:33: Added resource location '../media/materials/scripts' of type 'FileSystem' to resource group 'General'
15:38:33: Added resource location '../media/materials/textures' of type 'FileSystem' to resource group 'General'
15:38:33: Added resource location '../media/particle' of type 'FileSystem' to resource group 'General'
15:38:33: Added resource location '../medui' of type 'FileSystem' to resource group 'General'
15:38:33: [KEY] Open KeyCode File: key_table.xml
15:38:33: [APP] load key code table file: key_table.xml
15:38:33: [v8 ] register function: version 0x48c1b0
15:38:33: [v8 ] register function: print 0x48c0d0
15:38:33: [v8 ] register function: write 0x48bff0
15:38:33: [v8 ] register function: moveSceneNode 0x4c1a90
15:38:33: [v8 ] register function: setAnimation 0x4c1c00
15:38:33: [v8 ] register function: moveObject 0x4c1da0
15:38:33: [v8 ] register function: getObjectPos 0x4c1f10
15:38:33: [v8 ] register function: testSphere 0x4c2690
15:38:33: [v8 ] register function: addString 0x4c2210
15:38:33: [v8 ] register function: getString 0x4c2340
15:38:33: [v8 ] register function: setVisible 0x4c2570
15:38:33: [v8 ] register function: getVisible 0x4c2470
15:38:33: [v8 ] register function: sendMessage 0x4c20a0
15:38:33: [v8 ] register function: getMaterialNames 0x4c2960
15:38:33: [v8 ] register function: getMeshNames 0x4c2990
15:38:33: [v8 ] register function: getFontNames 0x4c29c0
15:38:33: [v8 ] register function: getSkeletonNames 0x4c29f0
15:38:33: [v8 ] register function: getTextureNames 0x4c2a20
15:38:33: [v8 ] register function: getCompositorNames 0x4c2a50
15:38:33: [v8 ] register function: getGpuProgramNames 0x4c2a80
15:38:33: [v8 ] register function: getResourceNames 0x4c2c80
15:38:33: [v8 ] register function: getParticleNames 0x4c2ab0
15:38:33: [v8 ] register function: getResourceGroupNames 0x4c2b90
15:38:33: [v8 ] register function: getFontString 0x4c32f0
15:38:33: [v8 ] register function: getGameObjectNames 0x4c2e10
15:38:33: [v8 ] register function: getGameObjectString 0x4c3150
15:38:33: [v8 ] register function: setMouseSpeed 0x4c2f00
15:38:33: [v8 ] register function: addCompositor 0x4c3000
15:38:33: [v8 ] v8 inited. log:0
15:38:33: [v8 ] v8 version: 1.2.9
15:38:33: [TASK] AddTask Type: SOUND Name: ObjectManager 0x36540d0
15:38:33: [TASK] AddTask Type: RENDER_BEFORE Name: StageManager 0x3673310
15:38:33: CPU Identifier & Features
15:38:33: -------------------------
15:38:33:  *   CPU ID: GenuineIntel: Intel(R) Core(TM) i5-4210M CPU @ 2.60GHz
15:38:33:  *      SSE: yes
15:38:33:  *     SSE2: yes
15:38:33:  *     SSE3: yes
15:38:33:  *      MMX: yes
15:38:33:  *   MMXEXT: yes
15:38:33:  *    3DNOW: no
15:38:33:  * 3DNOWEXT: no
15:38:33:  *     CMOV: yes
15:38:33:  *      TSC: yes
15:38:33:  *      FPU: yes
15:38:33:  *      PRO: yes
15:38:33:  *       HT: no
15:38:33: -------------------------
15:38:33: D3D9 : Subsystem Initialising
15:38:33: Registering ResourceManager for type Texture
15:38:33: Registering ResourceManager for type GpuProgram
15:38:33: ***************************************
15:38:33: *** D3D9 : Subsystem Initialised OK ***
15:38:33: ***************************************
15:38:33: [TASK] AddTask Type: RENDER Name: Renderer 0x364f060
15:38:33: [TASK] AddTask Type: GUI Name: GUI 0x3673460
15:38:33: [TASK] AddTask Type: GUI Name: BetaGui 0x3682880
15:38:33: [TASK] AppTask  0 Type: SOUND Name: ObjectManager 0x36540d0 Paused:0
15:38:33: [TASK] AppTask  1 Type: GUI Name: GUI 0x3673460 Paused:0
15:38:33: [TASK] AppTask  2 Type: GUI Name: BetaGui 0x3682880 Paused:0
15:38:33: [TASK] AppTask  3 Type: RENDER_BEFORE Name: StageManager 0x3673310 Paused:0
15:38:33: [TASK] AppTask  4 Type: RENDER Name: Renderer 0x364f060 Paused:0
15:38:33: [RND] createWindow - Primary 800x600x32 fullscreen:0 fass:4 print_option:0
15:38:33: D3D9 : RenderSystem Option: Full Screen = No
15:38:33: D3D9 : RenderSystem Option: Video Mode = 800 x 600 @ 32-bit colour
15:38:33: D3D9RenderSystem::_createRenderWindow "Primary", 800x600 windowed  miscParams: FSAA=4 externalWindowHandle=987256 
15:38:33: D3D9 : Created D3D9 Rendering Window 'Primary' : 800x599, 32bpp
15:38:33: D3D9 : WARNING - disabling VSync in windowed mode can cause timing issues at lower frame rates, turn VSync on if you observe this problem.
15:38:33: D3D9: Vertex texture format supported - PF_L8
15:38:33: D3D9: Vertex texture format supported - PF_L16
15:38:33: D3D9: Vertex texture format supported - PF_A8
15:38:33: D3D9: Vertex texture format supported - PF_A4L4
15:38:33: D3D9: Vertex texture format supported - PF_BYTE_LA
15:38:33: D3D9: Vertex texture format supported - PF_R5G6B5
15:38:33: D3D9: Vertex texture format supported - PF_B5G6R5
15:38:33: D3D9: Vertex texture format supported - PF_A4R4G4B4
15:38:33: D3D9: Vertex texture format supported - PF_A1R5G5B5
15:38:33: D3D9: Vertex texture format supported - PF_A8R8G8B8
15:38:33: D3D9: Vertex texture format supported - PF_A8B8G8R8
15:38:33: D3D9: Vertex texture format supported - PF_B8G8R8A8
15:38:33: D3D9: Vertex texture format supported - PF_A2R10G10B10
15:38:33: D3D9: Vertex texture format supported - PF_A2B10G10R10
15:38:33: D3D9: Vertex texture format supported - PF_DXT1
15:38:33: D3D9: Vertex texture format supported - PF_DXT2
15:38:33: D3D9: Vertex texture format supported - PF_DXT3
15:38:33: D3D9: Vertex texture format supported - PF_DXT4
15:38:33: D3D9: Vertex texture format supported - PF_DXT5
15:38:33: D3D9: Vertex texture format supported - PF_FLOAT16_RGB
15:38:33: D3D9: Vertex texture format supported - PF_FLOAT16_RGBA
15:38:33: D3D9: Vertex texture format supported - PF_FLOAT32_RGB
15:38:33: D3D9: Vertex texture format supported - PF_FLOAT32_RGBA
15:38:33: D3D9: Vertex texture format supported - PF_X8R8G8B8
15:38:33: D3D9: Vertex texture format supported - PF_R8G8B8A8
15:38:33: D3D9: Vertex texture format supported - PF_DEPTH
15:38:33: D3D9: Vertex texture format supported - PF_SHORT_RGBA
15:38:33: D3D9: Vertex texture format supported - PF_FLOAT16_R
15:38:33: D3D9: Vertex texture format supported - PF_FLOAT32_R
15:38:33: D3D9: Vertex texture format supported - PF_SHORT_GR
15:38:33: D3D9: Vertex texture format supported - PF_FLOAT16_GR
15:38:33: D3D9: Vertex texture format supported - PF_FLOAT32_GR
15:38:33: D3D9: Vertex texture format supported - PF_SHORT_RGB
15:38:33: D3D9: Vertex texture format supported - PF_PVRTC_RGB2
15:38:33: D3D9: Vertex texture format supported - PF_PVRTC_RGBA2
15:38:33: D3D9: Vertex texture format supported - PF_PVRTC_RGB4
15:38:33: D3D9: Vertex texture format supported - PF_PVRTC_RGBA4
15:38:33: RenderSystem capabilities
15:38:33: -------------------------
15:38:33: RenderSystem Name: Direct3D9 Rendering Subsystem
15:38:33: GPU Vendor: intel
15:38:33: Device Name: Monitor-1-Intel(R) HD Graphics 4600
15:38:33: Driver Version: 20.19.15.4331
15:38:33:  * Fixed function pipeline: yes
15:38:33:  * Hardware generation of mipmaps: yes
15:38:33:  * Texture blending: yes
15:38:33:  * Anisotropic texture filtering: yes
15:38:33:  * Dot product texture operation: yes
15:38:33:  * Cube mapping: yes
15:38:33:  * Hardware stencil buffer: yes
15:38:33:    - Stencil depth: 8
15:38:33:    - Two sided stencil support: yes
15:38:33:    - Wrap stencil values: yes
15:38:33:  * Hardware vertex / index buffers: yes
15:38:33:  * Vertex programs: yes
15:38:33:  * Number of floating-point constants for vertex programs: 256
15:38:33:  * Number of integer constants for vertex programs: 16
15:38:33:  * Number of boolean constants for vertex programs: 16
15:38:33:  * Fragment programs: yes
15:38:33:  * Number of floating-point constants for fragment programs: 224
15:38:33:  * Number of integer constants for fragment programs: 16
15:38:33:  * Number of boolean constants for fragment programs: 16
15:38:33:  * Geometry programs: no
15:38:33:  * Number of floating-point constants for geometry programs: 0
15:38:33:  * Number of integer constants for geometry programs: 25856
15:38:33:  * Number of boolean constants for geometry programs: 30052
15:38:33:  * Supported Shader Profiles: hlsl ps_1_1 ps_1_2 ps_1_3 ps_1_4 ps_2_0 ps_2_a ps_2_b ps_2_x ps_3_0 vs_1_1 vs_2_0 vs_2_a vs_2_x vs_3_0
15:38:33:  * Texture Compression: yes
15:38:33:    - DXT: yes
15:38:33:    - VTC: no
15:38:33:    - PVRTC: no
15:38:33:  * Scissor Rectangle: yes
15:38:33:  * Hardware Occlusion Query: yes
15:38:33:  * User clip planes: yes
15:38:33:  * VET_UBYTE4 vertex element type: yes
15:38:33:  * Infinite far plane projection: yes
15:38:33:  * Hardware render-to-texture: yes
15:38:33:  * Floating point textures: yes
15:38:33:  * Non-power-of-two textures: yes
15:38:33:  * Volume textures: yes
15:38:33:  * Multiple Render Targets: 4
15:38:33:    - With different bit depths: yes
15:38:33:  * Point Sprites: yes
15:38:33:  * Extended point parameters: yes
15:38:33:  * Max Point Size: 10
15:38:33:  * Vertex texture fetch: yes
15:38:33:  * Number of world matrices: 0
15:38:33:  * Number of texture units: 8
15:38:33:  * Stencil buffer depth: 8
15:38:33:  * Number of vertex blend matrices: 0
15:38:33:    - Max vertex textures: 4
15:38:33:    - Vertex textures shared: no
15:38:33:  * Render to Vertex Buffer : no
15:38:33:  * DirectX per stage constants: yes
15:38:33: DefaultWorkQueue('Root') initialising on thread 00B97AA8.
15:38:33: DefaultWorkQueue('Root')::WorkerFunc - thread 00BA4ED8 starting.
15:38:33: DefaultWorkQueue('Root')::WorkerFunc - thread 00BA5118 starting.
15:38:33: Particle Renderer Type 'billboard' registered
15:38:33: DefaultWorkQueue('Root')::WorkerFunc - thread 00BA4FF8 starting.
15:38:33: DefaultWorkQueue('Root')::WorkerFunc - thread 00BA50E8 starting.
15:38:33: SceneManagerFactory for type 'OctreeSceneManager' registered.
15:38:33: SceneManagerFactory for type 'TerrainSceneManager' registered.
15:38:33: [APP] You create First Window. Try delayed initialize.
15:38:33: [SYS] --ENTER--           .\gamelib\sysutils.cpp(13): med::ogre::registerAllCustomFactoryManager()
15:38:33: Registering ResourceManager for type TextFile
15:38:33: MovableObjectFactory for type 'MeshDecal' registered.
15:38:33: MovableObjectFactory for type 'MovableText' registered.
15:38:33: MovableObjectFactory for type 'DebugObject' registered.
15:38:33: Particle Emitter Type 'MedEmitter' registered
15:38:33: Particle Affector Type 'MedAffector' registered
15:38:33: Particle Renderer Type 'MedBillboard' registered
15:38:33: [SYS] --LEAVE--           .\gamelib\sysutils.cpp(22): med::ogre::registerAllCustomFactoryManager()
15:38:33: [RES] Add System Font path: C:\WINDOWS\fonts
15:38:33: Added resource location 'C:\WINDOWS\fonts' of type 'FileSystem' to resource group 'General'
15:38:33: [APP] Load Font File: hfont.fontdef.xml
15:38:33: [FNT] create font: Console size: 32.000000 ttf: 1 resolution: 55 source: Fixedsys500c.ttf
15:38:33: Font Consoleusing texture size 512x256
15:38:33: Info: Freetype returned null for character 141 in font Console
15:38:33: Info: Freetype returned null for character 160 in font Console
15:38:33: Texture: ConsoleTexture: Loading 1 faces(PF_BYTE_LA,512x256x1) with 0 generated mipmaps from Image. Internal format is PF_BYTE_LA,512x256x1.
15:38:33: [FNT] create font: hfont-2 size: 32.000000 ttf: 1 resolution: 55 source: malgun.ttf
15:38:34: Font hfont-2using texture size 512x512
15:38:34: Info: Freetype returned null for character 160 in font hfont-2
15:38:34: Info: Freetype returned null for character 32 in font hfont-2
15:38:34: Texture: hfont-2Texture: Loading 1 faces(PF_BYTE_LA,512x512x1) with 0 generated mipmaps from Image. Internal format is PF_BYTE_LA,512x512x1.
15:38:34: Parsing scripts for resource group Autodetect
15:38:34: Finished parsing scripts for resource group Autodetect
15:38:34: Parsing scripts for resource group Bootstrap
15:38:34: Parsing script OgreCore.material
15:38:34: Parsing script OgreProfiler.material
15:38:34: Parsing script Ogre.fontdef
15:38:34: Parsing script OgreDebugPanel.overlay
15:38:34: Texture: New_Ogre_Border_Center.png: Loading 1 faces(PF_A8R8G8B8,256x128x1) with  hardware generated mipmaps from Image. Internal format is PF_A8R8G8B8,256x128x1.
15:38:34: Texture: New_Ogre_Border.png: Loading 1 faces(PF_A8R8G8B8,256x256x1) with  hardware generated mipmaps from Image. Internal format is PF_A8R8G8B8,256x256x1.
15:38:34: Texture: New_Ogre_Border_Break.png: Loading 1 faces(PF_A8R8G8B8,32x32x1) with  hardware generated mipmaps from Image. Internal format is PF_A8R8G8B8,32x32x1.
15:38:34: Font BlueHighwayusing texture size 512x512
15:38:34: Info: Freetype returned null for character 127 in font BlueHighway
15:38:34: Info: Freetype returned null for character 128 in font BlueHighway
15:38:34: Info: Freetype returned null for character 129 in font BlueHighway
15:38:34: Info: Freetype returned null for character 130 in font BlueHighway
15:38:34: Info: Freetype returned null for character 131 in font BlueHighway
15:38:34: Info: Freetype returned null for character 132 in font BlueHighway
15:38:34: Info: Freetype returned null for character 133 in font BlueHighway
15:38:34: Info: Freetype returned null for character 134 in font BlueHighway
15:38:34: Info: Freetype returned null for character 135 in font BlueHighway
15:38:34: Info: Freetype returned null for character 136 in font BlueHighway
15:38:34: Info: Freetype returned null for character 137 in font BlueHighway
15:38:34: Info: Freetype returned null for character 138 in font BlueHighway
15:38:34: Info: Freetype returned null for character 139 in font BlueHighway
15:38:34: Info: Freetype returned null for character 140 in font BlueHighway
15:38:34: Info: Freetype returned null for character 141 in font BlueHighway
15:38:34: Info: Freetype returned null for character 142 in font BlueHighway
15:38:34: Info: Freetype returned null for character 143 in font BlueHighway
15:38:34: Info: Freetype returned null for character 144 in font BlueHighway
15:38:34: Info: Freetype returned null for character 145 in font BlueHighway
15:38:34: Info: Freetype returned null for character 146 in font BlueHighway
15:38:34: Info: Freetype returned null for character 147 in font BlueHighway
15:38:34: Info: Freetype returned null for character 148 in font BlueHighway
15:38:34: Info: Freetype returned null for character 149 in font BlueHighway
15:38:34: Info: Freetype returned null for character 150 in font BlueHighway
15:38:34: Info: Freetype returned null for character 151 in font BlueHighway
15:38:34: Info: Freetype returned null for character 152 in font BlueHighway
15:38:34: Info: Freetype returned null for character 153 in font BlueHighway
15:38:34: Info: Freetype returned null for character 154 in font BlueHighway
15:38:34: Info: Freetype returned null for character 155 in font BlueHighway
15:38:34: Info: Freetype returned null for character 156 in font BlueHighway
15:38:34: Info: Freetype returned null for character 157 in font BlueHighway
15:38:34: Info: Freetype returned null for character 158 in font BlueHighway
15:38:34: Info: Freetype returned null for character 159 in font BlueHighway
15:38:34: Info: Freetype returned null for character 160 in font BlueHighway
15:38:34: Texture: BlueHighwayTexture: Loading 1 faces(PF_BYTE_LA,512x512x1) with 0 generated mipmaps from Image. Internal format is PF_BYTE_LA,512x512x1.
15:38:34: Texture: ogretext.png: Loading 1 faces(PF_A8R8G8B8,256x128x1) with  hardware generated mipmaps from Image. Internal format is PF_A8R8G8B8,256x128x1.
15:38:34: Parsing script OgreLoadingPanel.overlay
15:38:34: Finished parsing scripts for resource group Bootstrap
15:38:34: Parsing scripts for resource group General
15:38:34: Parsing script Examples.program
15:38:34: Parsing script StdQuad_vp.program
15:38:34: Parsing script med.material
15:38:34: Parsing script meshview.material
15:38:34: Parsing script bgui.material
15:38:34: Parsing script ASCII.material
15:38:34: Parsing script BlackAndWhite.material
15:38:34: Parsing script Bloom.material
15:38:34: Parsing script Bloom2.material
15:38:34: Parsing script CGSwizzle.material
15:38:34: Parsing script CompositorDemo.material
15:38:34: Parsing script DepthShadowmap.material
15:38:34: Parsing script Dither.material
15:38:34: Parsing script DOF.material
15:38:34: Parsing script Embossed.material
15:38:34: Parsing script Examples-Advanced.material
15:38:34: Parsing script Examples-DynTex.material
15:38:34: Parsing script Examples-Water.material
15:38:34: Parsing script Examples.material
15:38:34: Parsing script facial.material
15:38:34: Parsing script Glass.material
15:38:34: Parsing script GLSLSwizzle.material
15:38:34: Parsing script Halftone.material
15:38:34: Parsing script hdr.material
15:38:34: Parsing script HeatVision.material
15:38:34: Parsing script Hurt.material
15:38:34: Parsing script instancing.material
15:38:34: Parsing script Invert.material
15:38:34: Parsing script IsoSurf.material
15:38:35: Parsing script Laplace.material
15:38:35: Parsing script MotionBlur.material
15:38:35: Parsing script MRTtest.material
15:38:35: Parsing script NightVision.material
15:38:35: Parsing script Ocean.material
15:38:35: Parsing script OffsetMapping.material
15:38:35: Parsing script Ogre.material
15:38:35: Parsing script OldMovie.material
15:38:35: Parsing script OldTV.material
15:38:35: Parsing script Penguin.material
15:38:35: Parsing script Posterize.material
15:38:35: Parsing script pssm.material
15:38:35: Parsing script RadialBlur.material
15:38:35: Parsing script RZR-002.material
15:38:35: Parsing script ShaderSystem.material
15:38:35: Parsing script SharpenEdges.material
15:38:35: Parsing script sibenik.material
15:38:35: Parsing script smoke.material
15:38:35: Parsing script Tiling.material
15:38:35: Parsing script VarianceShadowmap.material
15:38:35: Parsing script medui.material
15:38:35: Parsing script emitted_emitter.particle
15:38:35: Parsing script Examples-Water.particle
15:38:35: Parsing script Examples.particle
15:38:35: Parsing script smoke.particle
15:38:35: Parsing script Examples.compositor
15:38:35: Parsing script med.fontdef
15:38:35: Parsing script sample.fontdef
15:38:35: Parsing script hfont.fontdef
15:38:35: Parsing script meshview.overlay
15:38:35: Texture: bgui.window.png: Loading 1 faces(PF_A8R8G8B8,128x128x1) with  hardware generated mipmaps from Image. Internal format is PF_A8R8G8B8,128x128x1.
15:38:35: Font mview/fontusing texture size 512x512
15:38:35: Info: Freetype returned null for character 160 in font mview/font
15:38:35: Texture: mview/fontTexture: Loading 1 faces(PF_BYTE_LA,512x512x1) with 0 generated mipmaps from Image. Internal format is PF_BYTE_LA,512x512x1.
15:38:35: Parsing script CompositorDemo.overlay
15:38:35: Finished parsing scripts for resource group General
15:38:35: Parsing scripts for resource group Internal
15:38:35: Finished parsing scripts for resource group Internal
15:38:35: [APP] Mouse Cursor is showed.
15:38:35: [HTTP] start http server 0.0.0.0:8081 ../http thread:1 server-script:1
15:38:35: [MAIN] appInit() - OK
15:38:35: [MAIN] use timer fps: 80 time: 12
15:38:35: Creating resource group MeshViewStage
15:38:35: OGRE EXCEPTION(6:FileNotFoundException): Cannot locate resource MeshView.config.xml in resource group General or any other group. in ResourceGroupManager::openResource at ..\..\OgreMain\src\OgreResourceGroupManager.cpp (line 752)
15:38:35: [XML] Error - creating TiXmlDocument MeshView.config.xml Cannot locate resource MeshView.config.xml in resource group General or any other group.
15:38:35: [XML] Can't open file: 'MeshView.config.xml'           .\lib\xmlconfig.cpp(27): med::xml::XMLConfig::load()
15:38:35: [STAGE] load config file: 'MeshView.config.xml' ok: 0
15:38:35: OGRE EXCEPTION(6:FileNotFoundException): Cannot locate resource  in resource group General or any other group. in ResourceGroupManager::openResource at ..\..\OgreMain\src\OgreResourceGroupManager.cpp (line 752)
15:38:35: [XML] Error - creating TiXmlDocument  Cannot locate resource  in resource group General or any other group.
15:38:35: [XML] Can't open file: ''           .\lib\xmlconfig.cpp(27): med::xml::XMLConfig::load()
15:38:35: [STAGE] load config file: '' ok: 0
15:38:35: [APP] Crreate SceneManager: TerrainSceneManager
15:38:35: TerrainSceneManager: Registered a new PageSource for type Heightmap
15:38:35: [WND] create camera Camera_0_Camera
15:38:35: [WND] add viewport: 0x42D0BA8 cam: Camera_0_Camera zOrder: 0
15:38:35: [MVIEW] ambient: (0.100, 0.100, 0.100, 1.000) bgcolor: (0.000, 0.500, 1.000, 1.000)
15:38:35: [MVIEW] KeyLight Color: (0.700, 0.700, 0.700, 1.000) Spec: (0.400, 0.400, 0.400, 1.000) pos: (0.000, 0.000, 0.000) (0.000, 0.000, -1.000) yaw: -45.000000 pitch: -45.000000 type: 
15:38:35: [MVIEW] BackLight Color: (0.400, 0.400, 0.400, 1.000) Spec: (0.000, 0.000, 0.000, 1.000) pos: (0.000, 0.000, 0.000) (0.000, 0.000, -1.000) yaw: -20.000000 pitch: -100.000000 type: 
15:38:35: [MVIEW] FillLight Color: (0.200, 0.200, 0.200, 1.000) Spec: (0.000, 0.000, 0.000, 1.000) pos: (0.000, 0.000, 0.000) (0.000, 0.000, -1.000) yaw: 15.000000 pitch: 0.000000 type: 
15:38:35: Creating resource group MVIEW
15:38:35: Added resource location 'C:/Programming/Game Engine Code Real/Project/OGRE3D/resouce/XNA_Iron_Man_MCOC/' of type 'FileSystem' to resource group 'MVIEW'
15:38:35: Initialising resource group MVIEW
15:38:35: Parsing scripts for resource group MVIEW
15:38:35: Finished parsing scripts for resource group MVIEW
15:38:35: [MVIEW] add resource path: C:/Programming/Game Engine Code Real/Project/OGRE3D/resouce/XNA_Iron_Man_MCOC/
15:38:35: Mesh: Loading ironman.mesh.
15:38:35: OGRE EXCEPTION(2:InvalidParametersException): Header chunk didn't match either endian: Corrupted stream? in Serializer::determineEndianness at ..\..\OgreMain\src\OgreSerializer.cpp (line 89)
15:38:35: [MAIN] ERROR ogre exception: OGRE EXCEPTION(2:InvalidParametersException): Header chunk didn't match either endian: Corrupted stream? in Serializer::determineEndianness at ..\..\OgreMain\src\OgreSerializer.cpp (line 89)

