02:03:08: Creating resource group General
02:03:08: Creating resource group Internal
02:03:08: Creating resource group Autodetect
02:03:09: SceneManagerFactory for type 'DefaultSceneManager' registered.
02:03:09: Registering ResourceManager for type Material
02:03:09: Registering ResourceManager for type Mesh
02:03:09: Registering ResourceManager for type Skeleton
02:03:09: MovableObjectFactory for type 'ParticleSystem' registered.
02:03:09: OverlayElementFactory for type Panel registered.
02:03:09: OverlayElementFactory for type BorderPanel registered.
02:03:09: OverlayElementFactory for type TextArea registered.
02:03:09: Registering ResourceManager for type Font
02:03:09: ArchiveFactory for archive type FileSystem registered.
02:03:09: ArchiveFactory for archive type Zip registered.
02:03:09: DDS codec registering
02:03:09: FreeImage version: 3.13.1
02:03:09: This program uses FreeImage, a free, open source image library supporting all common bitmap formats. See http://freeimage.sourceforge.net for details
02:03:09: Supported formats: bmp,ico,jpg,jif,jpeg,jpe,jng,koa,iff,lbm,mng,pbm,pbm,pcd,pcx,pgm,pgm,png,ppm,ppm,ras,tga,targa,tif,tiff,wap,wbmp,wbm,psd,cut,xbm,xpm,gif,hdr,g3,sgi,exr,j2k,j2c,jp2,pfm,pct,pict,pic,bay,bmq,cr2,crw,cs1,dc2,dcr,dng,erf,fff,hdr,k25,kdc,mdc,mos,mrw,nef,orf,pef,pxn,raf,raw,rdc,sr2,srf,arw,3fr,cine,ia,kc2,mef,nrw,qtk,rw2,sti,drf,dsc,ptx,cap,iiq,rwz
02:03:09: Registering ResourceManager for type HighLevelGpuProgram
02:03:09: Registering ResourceManager for type Compositor
02:03:09: MovableObjectFactory for type 'Entity' registered.
02:03:09: MovableObjectFactory for type 'Light' registered.
02:03:09: MovableObjectFactory for type 'BillboardSet' registered.
02:03:09: MovableObjectFactory for type 'ManualObject' registered.
02:03:09: MovableObjectFactory for type 'BillboardChain' registered.
02:03:09: MovableObjectFactory for type 'RibbonTrail' registered.
02:03:09: OGRE EXCEPTION(6:FileNotFoundException): 'plugins.cfg' file not found! in ConfigFile::load at ..\..\..\..\OgreMain\src\OgreConfigFile.cpp (line 83)
02:03:09: plugins.cfg not found, automatic plugin loading disabled.
02:03:09: *-*-* OGRE Initialising
02:03:09: *-*-* Version 1.7.0 (Cthugha)
02:03:09: OGRE EXCEPTION(6:FileNotFoundException): 'ogre.cfg' file not found! in ConfigFile::load at ..\..\..\..\OgreMain\src\OgreConfigFile.cpp (line 83)
02:03:09: OGRE EXCEPTION(6:FileNotFoundException): 'ogre.cfg' file not found! in ConfigFile::load at ..\..\..\..\OgreMain\src\OgreConfigFile.cpp (line 83)
